"../../../Engine/Plugins/Animation/ACLPlugin/Content/ACLAnimCurveCompressionSettings.uasset" 0
"../../../Engine/Plugins/Animation/ACLPlugin/Content/ACLAnimCurveCompressionSettings.uexp" 1
"../../../Engine/Plugins/Animation/ACLPlugin/Content/ACLAnimBoneCompressionSettings.uasset" 2
"../../../Engine/Plugins/Animation/ACLPlugin/Content/ACLAnimBoneCompressionSettings.uexp" 3
"../../../Engine/Plugins/2D/Paper2D/Content/PlaceholderTextures/DummySpriteTexture.ubulk" 4
"../../../Engine/Plugins/2D/Paper2D/Content/PlaceholderTextures/DummySpriteTexture.uasset" 5
"../../../Engine/Plugins/2D/Paper2D/Content/PlaceholderTextures/DummySpriteTexture.uexp" 6
"../../../Engine/Plugins/2D/Paper2D/Content/DummySprite.uasset" 7
"../../../Engine/Plugins/2D/Paper2D/Content/DummySprite.uexp" 8
"../../../Engine/Plugins/2D/Paper2D/Content/DefaultPaperTerrainMaterial.uasset" 9
"../../../Engine/Plugins/2D/Paper2D/Content/DefaultPaperTerrainMaterial.uexp" 10
"../../../Engine/Plugins/Interchange/Runtime/Content/Pipelines/DefaultTexturePipeline.uasset" 11
"../../../Engine/Plugins/Interchange/Runtime/Content/Pipelines/DefaultTexturePipeline.uexp" 12
"../../../Engine/Plugins/Interchange/Runtime/Content/Pipelines/DefaultSceneLevelPipeline.uasset" 13
"../../../Engine/Plugins/Interchange/Runtime/Content/Pipelines/DefaultSceneLevelPipeline.uexp" 14
"../../../Engine/Plugins/Interchange/Runtime/Content/Pipelines/DefaultSceneAssetsPipeline.uasset" 15
"../../../Engine/Plugins/Interchange/Runtime/Content/Pipelines/DefaultSceneAssetsPipeline.uexp" 16
"../../../Engine/Plugins/Interchange/Runtime/Content/Pipelines/DefaultMaterialXPipeline.uasset" 17
"../../../Engine/Plugins/Interchange/Runtime/Content/Pipelines/DefaultMaterialXPipeline.uexp" 18
"../../../Engine/Plugins/Interchange/Runtime/Content/Pipelines/DefaultMaterialPipeline.uasset" 19
"../../../Engine/Plugins/Interchange/Runtime/Content/Pipelines/DefaultMaterialPipeline.uexp" 20
"../../../Engine/Plugins/Interchange/Runtime/Content/Pipelines/DefaultGLTFSceneAssetsPipeline.uasset" 21
"../../../Engine/Plugins/Interchange/Runtime/Content/Pipelines/DefaultGLTFSceneAssetsPipeline.uexp" 22
"../../../Engine/Plugins/Interchange/Runtime/Content/Pipelines/DefaultGLTFPipeline.uasset" 23
"../../../Engine/Plugins/Interchange/Runtime/Content/Pipelines/DefaultGLTFPipeline.uexp" 24
"../../../Engine/Plugins/Interchange/Runtime/Content/Pipelines/DefaultGLTFAssetsPipeline.uasset" 25
"../../../Engine/Plugins/Interchange/Runtime/Content/Pipelines/DefaultGLTFAssetsPipeline.uexp" 26
"../../../Engine/Plugins/Interchange/Runtime/Content/Pipelines/DefaultAssetsPipeline.uasset" 27
"../../../Engine/Plugins/Interchange/Runtime/Content/Pipelines/DefaultAssetsPipeline.uexp" 28
"../../../Engine/Plugins/Animation/ControlRig/Content/Controls/DefaultGizmoLibraryNormalized.uasset" 29
"../../../Engine/Plugins/Animation/ControlRig/Content/Controls/DefaultGizmoLibraryNormalized.uexp" 30
"../../../Engine/Content/EngineSounds/Master.uasset" 31
"../../../Engine/Content/EngineSounds/Master.uexp" 32
"../../../Engine/Content/EngineMaterials/DefaultPhysicalMaterial.uasset" 33
"../../../Engine/Content/EngineMaterials/DefaultPhysicalMaterial.uexp" 34
"../../../Engine/Content/EngineMaterials/DefaultDestructiblePhysicalMaterial.uasset" 35
"../../../Engine/Content/EngineMaterials/DefaultDestructiblePhysicalMaterial.uexp" 36
"../../../Engine/Content/EngineFonts/Faces/RobotoLight.uexp" 37
"../../../Engine/Content/EngineFonts/Faces/RobotoLight.uasset" 38
"../../../Engine/Content/EngineFonts/Faces/RobotoLight.ufont" 39
"../../../Engine/Content/EngineFonts/Faces/RobotoBold.uexp" 40
"../../../Engine/Content/EngineFonts/Faces/RobotoBold.uasset" 41
"../../../Engine/Content/EngineFonts/Faces/RobotoBold.ufont" 42
"../../../Engine/Content/EngineFonts/Faces/RobotoRegular.uexp" 43
"../../../Engine/Content/EngineFonts/Faces/RobotoRegular.uasset" 44
"../../../Engine/Content/EngineFonts/Faces/RobotoRegular.ufont" 45
"../../../Engine/Content/EngineFonts/Faces/DroidSansFallback.uexp" 46
"../../../Engine/Content/EngineFonts/Faces/DroidSansFallback.uasset" 47
"../../../Engine/Content/EngineFonts/Faces/DroidSansFallback.ufont" 48
"../../../Engine/Content/EngineFonts/Faces/RobotoItalic.uexp" 49
"../../../Engine/Content/EngineFonts/Faces/RobotoItalic.uasset" 50
"../../../Engine/Content/EngineFonts/Faces/RobotoItalic.ufont" 51
"../../../Engine/Content/EngineFonts/Faces/RobotoBoldItalic.uexp" 52
"../../../Engine/Content/EngineFonts/Faces/RobotoBoldItalic.uasset" 53
"../../../Engine/Content/EngineFonts/Faces/RobotoBoldItalic.ufont" 54
"../../../Engine/Content/EngineFonts/Roboto.uasset" 55
"../../../Engine/Content/EngineFonts/Roboto.uexp" 56
"../../../Engine/Content/Animation/DefaultVariableFrameStrippingSettings.uasset" 57
"../../../Engine/Content/Animation/DefaultVariableFrameStrippingSettings.uexp" 58
"../../../Engine/Content/Animation/DefaultRecorderBoneCompression.uasset" 59
"../../../Engine/Content/Animation/DefaultRecorderBoneCompression.uexp" 60
"../../../Engine/Content/MobileResources/HUD/VirtualJoystick_Background.uasset" 61
"../../../Engine/Content/MobileResources/HUD/VirtualJoystick_Background.uexp" 62
"../../../Engine/Content/MobileResources/HUD/VirtualJoystick_Thumb.uasset" 63
"../../../Engine/Content/MobileResources/HUD/VirtualJoystick_Thumb.uexp" 64
"../../../Engine/Content/MobileResources/HUD/DefaultVirtualJoysticks.uasset" 65
"../../../Engine/Content/MobileResources/HUD/DefaultVirtualJoysticks.uexp" 66
"../../../Engine/Content/EditorResources/S_Actor.ubulk" 67
"../../../Engine/Content/EditorResources/S_Actor.uasset" 68
"../../../Engine/Content/EditorResources/S_Actor.uexp" 69
"C:/Users/wamor/OneDrive/Documents/Unreal Projects/FeatProMoraWilliam/Content/Blueprints/BP_PlayerController.uasset" 70
"C:/Users/wamor/OneDrive/Documents/Unreal Projects/FeatProMoraWilliam/Content/Blueprints/BP_PlayerController.uexp" 71
"C:/Users/wamor/OneDrive/Documents/Unreal Projects/FeatProMoraWilliam/Content/Blueprints/BP_GameMode.uasset" 72
"C:/Users/wamor/OneDrive/Documents/Unreal Projects/FeatProMoraWilliam/Content/Blueprints/BP_GameMode.uexp" 73
"C:/Users/wamor/OneDrive/Documents/Unreal Projects/FeatProMoraWilliam/Content/Blueprints/BP_GameInstance.uasset" 74
"C:/Users/wamor/OneDrive/Documents/Unreal Projects/FeatProMoraWilliam/Content/Blueprints/BP_GameInstance.uexp" 75
"../../../Engine/Plugins/Runtime/AudioWidgets/Content/Resources/ScrubHandleDown_Clamped.uasset" 76
"../../../Engine/Plugins/Runtime/AudioWidgets/Content/Resources/ScrubHandleDown_Clamped.uexp" 77
"../../../Engine/Content/EngineResources/GradientTexture0.uasset" 78
"../../../Engine/Content/EngineResources/GradientTexture0.uexp" 79
"../../../Engine/Content/EngineResources/DefaultTexture.ubulk" 80
"../../../Engine/Content/EngineResources/DefaultTexture.uasset" 81
"../../../Engine/Content/EngineResources/DefaultTexture.uexp" 82
"../../../Engine/Content/EngineResources/Black.uasset" 83
"../../../Engine/Content/EngineResources/Black.uexp" 84
"../../../Engine/Content/EngineMaterials/PreintegratedSkinBRDF.uasset" 85
"../../../Engine/Content/EngineMaterials/PreintegratedSkinBRDF.uexp" 86
"../../../Engine/Content/EngineMaterials/MiniFont.uasset" 87
"../../../Engine/Content/EngineMaterials/MiniFont.uexp" 88
"../../../Engine/Content/EngineMaterials/FastBlueNoise_vec2_128x128x64.uasset" 89
"../../../Engine/Content/EngineMaterials/FastBlueNoise_vec2_128x128x64.uexp" 90
"../../../Engine/Content/EngineMaterials/FastBlueNoise_scalar_128x128x64.uasset" 91
"../../../Engine/Content/EngineMaterials/FastBlueNoise_scalar_128x128x64.uexp" 92
"../../../Engine/Content/EngineMaterials/DefaultWhiteGrid.ubulk" 93
"../../../Engine/Content/EngineMaterials/DefaultWhiteGrid.uasset" 94
"../../../Engine/Content/EngineMaterials/DefaultWhiteGrid.uexp" 95
"../../../Engine/Content/EngineMaterials/DefaultBokeh.uasset" 96
"../../../Engine/Content/EngineMaterials/DefaultBokeh.uexp" 97
"../../../Engine/Content/EngineMaterials/DefaultBloomKernel.uasset" 98
"../../../Engine/Content/EngineMaterials/DefaultBloomKernel.uexp" 99
"../../../Engine/Content/EngineDamageTypes/DmgTypeBP_Environmental.uasset" 100
"../../../Engine/Content/EngineDamageTypes/DmgTypeBP_Environmental.uexp" 101
"../../../Engine/Content/EditorResources/S_TriggerSphere.uasset" 102
"../../../Engine/Content/EditorResources/S_TriggerSphere.uexp" 103
"../../../Engine/Content/EditorResources/S_TriggerCapsule.uasset" 104
"../../../Engine/Content/EditorResources/S_TriggerCapsule.uexp" 105
"../../../Engine/Content/EditorResources/S_TriggerBox.uasset" 106
"../../../Engine/Content/EditorResources/S_TriggerBox.uexp" 107
"../../../Engine/Content/EditorResources/S_Trigger.ubulk" 108
"../../../Engine/Content/EditorResources/S_Trigger.uasset" 109
"../../../Engine/Content/EditorResources/S_Trigger.uexp" 110
"../../../Engine/Content/EditorResources/S_Terrain.ubulk" 111
"../../../Engine/Content/EditorResources/S_Terrain.uasset" 112
"../../../Engine/Content/EditorResources/S_Terrain.uexp" 113
"../../../Engine/Content/EditorResources/S_Solver.ubulk" 114
"../../../Engine/Content/EditorResources/S_Solver.uasset" 115
"../../../Engine/Content/EditorResources/S_Solver.uexp" 116
"../../../Engine/Content/EditorResources/S_BoxReflectionCapture.uasset" 117
"../../../Engine/Content/EditorResources/S_BoxReflectionCapture.uexp" 118
"../../../Engine/Content/EditorResources/EmptyActor.uasset" 119
"../../../Engine/Content/EditorResources/EmptyActor.uexp" 120
"../../../Engine/Content/EditorResources/BSPVertex.uasset" 121
"../../../Engine/Content/EditorResources/BSPVertex.uexp" 122
"../../../Engine/Content/EditorLandscapeResources/DefaultAlphaTexture.uasset" 123
"../../../Engine/Content/EditorLandscapeResources/DefaultAlphaTexture.uexp" 124
"../../../Engine/Content/EngineResources/FilmGrains/Marcie_Grain_v3_128_M2_000.uasset" 125
"../../../Engine/Content/EngineResources/FilmGrains/Marcie_Grain_v3_128_M2_000.uexp" 126
"../../../Engine/Content/EngineMaterials/LTC/Sheen_LTC.uasset" 127
"../../../Engine/Content/EngineMaterials/LTC/Sheen_LTC.uexp" 128
"../../../Engine/Content/EngineMaterials/LTC/GGX_LTCMat.uasset" 129
"../../../Engine/Content/EngineMaterials/LTC/GGX_LTCMat.uexp" 130
"../../../Engine/Content/EngineMaterials/LTC/GGX_LTCAmp.uasset" 131
"../../../Engine/Content/EngineMaterials/LTC/GGX_LTCAmp.uexp" 132
"../../../Engine/Content/EngineMaterials/EnergyConservation/Sheen_Energy.uasset" 133
"../../../Engine/Content/EngineMaterials/EnergyConservation/Sheen_Energy.uexp" 134
"../../../Engine/Content/EngineMaterials/EnergyConservation/SheenLegacy_Energy.uasset" 135
"../../../Engine/Content/EngineMaterials/EnergyConservation/SheenLegacy_Energy.uexp" 136
"../../../Engine/Content/EngineMaterials/EnergyConservation/GGX_TransmissionEnergyArray.uasset" 137
"../../../Engine/Content/EngineMaterials/EnergyConservation/GGX_TransmissionEnergyArray.uexp" 138
"../../../Engine/Content/EngineMaterials/EnergyConservation/GGX_ReflectionEnergy.uasset" 139
"../../../Engine/Content/EngineMaterials/EnergyConservation/GGX_ReflectionEnergy.uexp" 140
"../../../Engine/Content/EngineMaterials/EnergyConservation/Diffuse_Energy.uasset" 141
"../../../Engine/Content/EngineMaterials/EnergyConservation/Diffuse_Energy.uexp" 142
"../../../Engine/Content/EditorResources/SequenceRecorder/RecordingIndicator.uasset" 143
"../../../Engine/Content/EditorResources/SequenceRecorder/RecordingIndicator.uexp" 144
"../../../Engine/Content/EditorResources/SequenceRecorder/Countdown.uasset" 145
"../../../Engine/Content/EditorResources/SequenceRecorder/Countdown.uexp" 146
"../../../Engine/Content/EditorMaterials/ParticleSystems/PSysThumbnail_OOD.ubulk" 147
"../../../Engine/Content/EditorMaterials/ParticleSystems/PSysThumbnail_OOD.uasset" 148
"../../../Engine/Content/EditorMaterials/ParticleSystems/PSysThumbnail_OOD.uexp" 149
"../../../Engine/Content/EditorMaterials/ParticleSystems/PSysThumbnail_NoImage.ubulk" 150
"../../../Engine/Content/EditorMaterials/ParticleSystems/PSysThumbnail_NoImage.uasset" 151
"../../../Engine/Content/EditorMaterials/ParticleSystems/PSysThumbnail_NoImage.uexp" 152
"../../../Engine/Content/EngineResources/DefaultTextureCube.uasset" 153
"../../../Engine/Content/EngineResources/DefaultTextureCube.uexp" 154
"../../../Engine/Content/EngineResources/DefaultVolumeTexture2D.uasset" 155
"../../../Engine/Content/EngineResources/DefaultVolumeTexture2D.uexp" 156
"../../../Engine/Content/EngineResources/DefaultVolumeTexture.uasset" 157
"../../../Engine/Content/EngineResources/DefaultVolumeTexture.uexp" 158
"../../../Engine/Content/EngineMeshes/Sphere.ubulk" 159
"../../../Engine/Content/EngineMeshes/Sphere.uasset" 160
"../../../Engine/Content/EngineMeshes/Sphere.uexp" 161
"../../../Engine/Plugins/NNE/NNEDenoiser/Content/NNEDTOM_Output_Default.uasset" 162
"../../../Engine/Plugins/NNE/NNEDenoiser/Content/NNEDTOM_Output_Default.uexp" 163
"../../../Engine/Plugins/NNE/NNEDenoiser/Content/NNEDTOM_Output_Alpha.uasset" 164
"../../../Engine/Plugins/NNE/NNEDenoiser/Content/NNEDTOM_Output_Alpha.uexp" 165
"../../../Engine/Plugins/NNE/NNEDenoiser/Content/NNEDTIM_ColorAlbedoNormal_Default.uasset" 166
"../../../Engine/Plugins/NNE/NNEDenoiser/Content/NNEDTIM_ColorAlbedoNormal_Default.uexp" 167
"../../../Engine/Plugins/NNE/NNEDenoiser/Content/NNEDTIM_ColorAlbedoNormal_Alpha.uasset" 168
"../../../Engine/Plugins/NNE/NNEDenoiser/Content/NNEDTIM_ColorAlbedoNormal_Alpha.uexp" 169
"../../../Engine/Plugins/NNE/NNEDenoiser/Content/NNEDOM_Output_Default.uasset" 170
"../../../Engine/Plugins/NNE/NNEDenoiser/Content/NNEDOM_Output_Default.uexp" 171
"../../../Engine/Plugins/NNE/NNEDenoiser/Content/NNEDOM_Output_Alpha.uasset" 172
"../../../Engine/Plugins/NNE/NNEDenoiser/Content/NNEDOM_Output_Alpha.uexp" 173
"../../../Engine/Plugins/NNE/NNEDenoiser/Content/NNEDIM_HighQuality_Default.uasset" 174
"../../../Engine/Plugins/NNE/NNEDenoiser/Content/NNEDIM_HighQuality_Default.uexp" 175
"../../../Engine/Plugins/NNE/NNEDenoiser/Content/NNEDIM_HighQuality_Alpha.uasset" 176
"../../../Engine/Plugins/NNE/NNEDenoiser/Content/NNEDIM_HighQuality_Alpha.uexp" 177
"../../../Engine/Plugins/NNE/NNEDenoiser/Content/NNEDIM_ColorAlbedoNormal_Default.uasset" 178
"../../../Engine/Plugins/NNE/NNEDenoiser/Content/NNEDIM_ColorAlbedoNormal_Default.uexp" 179
"../../../Engine/Plugins/NNE/NNEDenoiser/Content/NNEDIM_ColorAlbedoNormal_Alpha.uasset" 180
"../../../Engine/Plugins/NNE/NNEDenoiser/Content/NNEDIM_ColorAlbedoNormal_Alpha.uexp" 181
"../../../Engine/Content/EngineMaterials/T_Default_Material_Grid_M.ubulk" 182
"../../../Engine/Content/EngineMaterials/T_Default_Material_Grid_M.uasset" 183
"../../../Engine/Content/EngineMaterials/T_Default_Material_Grid_M.uexp" 184
"../../../Engine/Content/EngineMaterials/T_Default_Material_Grid_N.ubulk" 185
"../../../Engine/Content/EngineMaterials/T_Default_Material_Grid_N.uasset" 186
"../../../Engine/Content/EngineMaterials/T_Default_Material_Grid_N.uexp" 187
"../../../Engine/Content/Functions/Engine_MaterialFunctions01/Opacity/CameraDepthFade.uasset" 188
"../../../Engine/Content/Functions/Engine_MaterialFunctions01/Opacity/CameraDepthFade.uexp" 189
"../../../Engine/Content/EngineMaterials/WorldGridMaterial.uasset" 190
"../../../Engine/Content/EngineMaterials/WorldGridMaterial.uexp" 191
"../../../Engine/Plugins/Media/MediaPlate/Content/SM_MediaPlateScreen.ubulk" 192
"../../../Engine/Plugins/Media/MediaPlate/Content/SM_MediaPlateScreen.uasset" 193
"../../../Engine/Plugins/Media/MediaPlate/Content/SM_MediaPlateScreen.uexp" 194
"../../../Engine/Content/Functions/Engine_MaterialFunctions02/WorldPositionOffset/CameraOffset.uasset" 195
"../../../Engine/Content/Functions/Engine_MaterialFunctions02/WorldPositionOffset/CameraOffset.uexp" 196
"../../../Engine/Plugins/Animation/ControlRig/Content/M_Manip.uasset" 197
"../../../Engine/Plugins/Animation/ControlRig/Content/M_Manip.uexp" 198
"../../../Engine/Plugins/2D/Paper2D/Content/DefaultSpriteMaterial.uasset" 199
"../../../Engine/Plugins/2D/Paper2D/Content/DefaultSpriteMaterial.uexp" 200
"../../../Engine/Plugins/2D/Paper2D/Content/OpaqueUnlitSpriteMaterial.uasset" 201
"../../../Engine/Plugins/2D/Paper2D/Content/OpaqueUnlitSpriteMaterial.uexp" 202
"../../../Engine/Plugins/2D/Paper2D/Content/MaskedUnlitSpriteMaterial.uasset" 203
"../../../Engine/Plugins/2D/Paper2D/Content/MaskedUnlitSpriteMaterial.uexp" 204
"../../../Engine/Plugins/Runtime/MeshModelingToolset/Content/Materials/M_DynamicMeshComponentVtxColor.uasset" 205
"../../../Engine/Plugins/Runtime/MeshModelingToolset/Content/Materials/M_DynamicMeshComponentVtxColor.uexp" 206
"../../../Engine/Plugins/Runtime/HairStrands/Content/Materials/HairMeshesDefaultMaterial.uasset" 207
"../../../Engine/Plugins/Runtime/HairStrands/Content/Materials/HairMeshesDefaultMaterial.uexp" 208
"../../../Engine/Plugins/Runtime/HairStrands/Content/Materials/HairDefaultMaterial.uasset" 209
"../../../Engine/Plugins/Runtime/HairStrands/Content/Materials/HairDefaultMaterial.uexp" 210
"../../../Engine/Plugins/Runtime/HairStrands/Content/Materials/HairGroupColors.uasset" 211
"../../../Engine/Plugins/Runtime/HairStrands/Content/Materials/HairGroupColors.uexp" 212
"../../../Engine/Content/Functions/Engine_MaterialFunctions02/Utility/MakeFloat2.uasset" 213
"../../../Engine/Content/Functions/Engine_MaterialFunctions02/Utility/MakeFloat2.uexp" 214
"../../../Engine/Content/Functions/Engine_MaterialFunctions02/Utility/MakeFloat3.uasset" 215
"../../../Engine/Content/Functions/Engine_MaterialFunctions02/Utility/MakeFloat3.uexp" 216
"../../../Engine/Content/EngineMaterials/HairColorMap.uasset" 217
"../../../Engine/Content/EngineMaterials/HairColorMap.uexp" 218
"../../../Engine/Content/EngineMaterials/HairDebugColor.uasset" 219
"../../../Engine/Content/EngineMaterials/HairDebugColor.uexp" 220
"../../../Engine/Plugins/Runtime/HairStrands/Content/Materials/HairDebugMaterial.uasset" 221
"../../../Engine/Plugins/Runtime/HairStrands/Content/Materials/HairDebugMaterial.uexp" 222
"../../../Engine/Plugins/Runtime/HairStrands/Content/Materials/HairCardsDefaultMaterial.uasset" 223
"../../../Engine/Plugins/Runtime/HairStrands/Content/Materials/HairCardsDefaultMaterial.uexp" 224
"../../../Engine/Content/Functions/Engine_MaterialFunctions02/Texturing/CustomRotator.uasset" 225
"../../../Engine/Content/Functions/Engine_MaterialFunctions02/Texturing/CustomRotator.uexp" 226
"../../../Engine/Content/Functions/Engine_MaterialFunctions02/Utility/BreakOutFloat2Components.uasset" 227
"../../../Engine/Content/Functions/Engine_MaterialFunctions02/Utility/BreakOutFloat2Components.uexp" 228
"../../../Engine/Content/Functions/Engine_MaterialFunctions01/Texturing/ScaleUVsByCenter.uasset" 229
"../../../Engine/Content/Functions/Engine_MaterialFunctions01/Texturing/ScaleUVsByCenter.uexp" 230
"../../../Engine/Plugins/Runtime/AudioWidgets/Content/AudioMaterialSlate/Functions/MF_SingleLine_Smooth.uasset" 231
"../../../Engine/Plugins/Runtime/AudioWidgets/Content/AudioMaterialSlate/Functions/MF_SingleLine_Smooth.uexp" 232
"../../../Engine/Plugins/Runtime/AudioWidgets/Content/AudioMaterialSlate/Functions/MF_AngleGradient.uasset" 233
"../../../Engine/Plugins/Runtime/AudioWidgets/Content/AudioMaterialSlate/Functions/MF_AngleGradient.uexp" 234
"../../../Engine/Plugins/Runtime/AudioWidgets/Content/AudioMaterialSlate/Functions/MF_SingleLine.uasset" 235
"../../../Engine/Plugins/Runtime/AudioWidgets/Content/AudioMaterialSlate/Functions/MF_SingleLine.uexp" 236
"../../../Engine/Content/Functions/Engine_MaterialFunctions01/Gradient/SphereGradient-2D.uasset" 237
"../../../Engine/Content/Functions/Engine_MaterialFunctions01/Gradient/SphereGradient-2D.uexp" 238
"../../../Engine/Plugins/Runtime/AudioWidgets/Content/AudioMaterialSlate/M_AudioMaterialToggleButton.uasset" 239
"../../../Engine/Plugins/Runtime/AudioWidgets/Content/AudioMaterialSlate/M_AudioMaterialToggleButton.uexp" 240
"../../../Engine/Plugins/Runtime/AudioWidgets/Content/AudioMaterialSlate/MI_AudioMaterialToggleButton.uasset" 241
"../../../Engine/Plugins/Runtime/AudioWidgets/Content/AudioMaterialSlate/MI_AudioMaterialToggleButton.uexp" 242
"../../../Engine/Content/Functions/Engine_MaterialFunctions02/Utility/VectorLength.uasset" 243
"../../../Engine/Content/Functions/Engine_MaterialFunctions02/Utility/VectorLength.uexp" 244
"../../../Engine/Content/Functions/Engine_MaterialFunctions01/Gradient/GeneratedRoundRect.uasset" 245
"../../../Engine/Content/Functions/Engine_MaterialFunctions01/Gradient/GeneratedRoundRect.uexp" 246
"../../../Engine/Plugins/Runtime/AudioWidgets/Content/AudioMaterialSlate/M_AudioMaterialRoundedSlider.uasset" 247
"../../../Engine/Plugins/Runtime/AudioWidgets/Content/AudioMaterialSlate/M_AudioMaterialRoundedSlider.uexp" 248
"../../../Engine/Plugins/Runtime/AudioWidgets/Content/AudioMaterialSlate/MI_AudioMaterialRoundedSlider.uasset" 249
"../../../Engine/Plugins/Runtime/AudioWidgets/Content/AudioMaterialSlate/MI_AudioMaterialRoundedSlider.uexp" 250
"../../../Engine/Plugins/Runtime/AudioWidgets/Content/AudioMaterialSlate/Functions/MF_Lines.uasset" 251
"../../../Engine/Plugins/Runtime/AudioWidgets/Content/AudioMaterialSlate/Functions/MF_Lines.uexp" 252
"../../../Engine/Content/Functions/Engine_MaterialFunctions02/Lerp_3Color.uasset" 253
"../../../Engine/Content/Functions/Engine_MaterialFunctions02/Lerp_3Color.uexp" 254
"../../../Engine/Plugins/Runtime/AudioWidgets/Content/AudioMaterialSlate/M_AudioMaterialMeter.uasset" 255
"../../../Engine/Plugins/Runtime/AudioWidgets/Content/AudioMaterialSlate/M_AudioMaterialMeter.uexp" 256
"../../../Engine/Plugins/Runtime/AudioWidgets/Content/AudioMaterialSlate/MI_AudioMaterialMeter.uasset" 257
"../../../Engine/Plugins/Runtime/AudioWidgets/Content/AudioMaterialSlate/MI_AudioMaterialMeter.uexp" 258
"../../../Engine/Plugins/Runtime/AudioWidgets/Content/AudioMaterialSlate/M_AudioMaterialKnob.uasset" 259
"../../../Engine/Plugins/Runtime/AudioWidgets/Content/AudioMaterialSlate/M_AudioMaterialKnob.uexp" 260
"../../../Engine/Plugins/Runtime/AudioWidgets/Content/AudioMaterialSlate/MI_AudioMaterialKnob.uasset" 261
"../../../Engine/Plugins/Runtime/AudioWidgets/Content/AudioMaterialSlate/MI_AudioMaterialKnob.uexp" 262
"../../../Engine/Plugins/Runtime/AudioWidgets/Content/AudioMaterialSlate/Functions/MF_DotOutlined.uasset" 263
"../../../Engine/Plugins/Runtime/AudioWidgets/Content/AudioMaterialSlate/Functions/MF_DotOutlined.uexp" 264
"../../../Engine/Plugins/Runtime/AudioWidgets/Content/AudioMaterialSlate/M_AudioMaterialEnvelope_ADSR.uasset" 265
"../../../Engine/Plugins/Runtime/AudioWidgets/Content/AudioMaterialSlate/M_AudioMaterialEnvelope_ADSR.uexp" 266
"../../../Engine/Plugins/Runtime/AudioWidgets/Content/AudioMaterialSlate/MI_AudioMaterialEnvelope_ADSR.uasset" 267
"../../../Engine/Plugins/Runtime/AudioWidgets/Content/AudioMaterialSlate/MI_AudioMaterialEnvelope_ADSR.uexp" 268
"../../../Engine/Plugins/Interchange/Assets/Content/Functions/MX_UsdPreviewSurface.uasset" 269
"../../../Engine/Plugins/Interchange/Assets/Content/Functions/MX_UsdPreviewSurface.uexp" 270
"../../../Engine/Plugins/Interchange/Assets/Content/Functions/MX_UniformEDF.uasset" 271
"../../../Engine/Plugins/Interchange/Assets/Content/Functions/MX_UniformEDF.uexp" 272
"../../../Engine/Plugins/Interchange/Assets/Content/Functions/MX_TranslucentBSDF.uasset" 273
"../../../Engine/Plugins/Interchange/Assets/Content/Functions/MX_TranslucentBSDF.uexp" 274
"../../../Engine/Plugins/Interchange/Assets/Content/Functions/MX_ThinFilmBSDF.uasset" 275
"../../../Engine/Plugins/Interchange/Assets/Content/Functions/MX_ThinFilmBSDF.uexp" 276
"../../../Engine/Plugins/Interchange/Assets/Content/Functions/MX_SurfaceUnlit.uasset" 277
"../../../Engine/Plugins/Interchange/Assets/Content/Functions/MX_SurfaceUnlit.uexp" 278
"../../../Engine/Plugins/Interchange/Assets/Content/Functions/MX_Surface.uasset" 279
"../../../Engine/Plugins/Interchange/Assets/Content/Functions/MX_Surface.uexp" 280
"../../../Engine/Plugins/Interchange/Assets/Content/Functions/MX_SubsurfaceBSDF.uasset" 281
"../../../Engine/Plugins/Interchange/Assets/Content/Functions/MX_SubsurfaceBSDF.uexp" 282
"../../../Engine/Plugins/Interchange/Assets/Content/Functions/MX_SheenBSDF.uasset" 283
"../../../Engine/Plugins/Interchange/Assets/Content/Functions/MX_SheenBSDF.uexp" 284
"../../../Engine/Plugins/Interchange/Assets/Content/Functions/MX_OrenNayarBSDF.uasset" 285
"../../../Engine/Plugins/Interchange/Assets/Content/Functions/MX_OrenNayarBSDF.uexp" 286
"../../../Engine/Plugins/Interchange/Assets/Content/Utilities/New_LUT.uasset" 287
"../../../Engine/Plugins/Interchange/Assets/Content/Utilities/New_LUT.uexp" 288
"../../../Engine/Content/Functions/Engine_MaterialFunctions03/Math/RemapValueRange.uasset" 289
"../../../Engine/Content/Functions/Engine_MaterialFunctions03/Math/RemapValueRange.uexp" 290
"../../../Engine/Plugins/Interchange/Assets/Content/Functions/MF_Iridescence.uasset" 291
"../../../Engine/Plugins/Interchange/Assets/Content/Functions/MF_Iridescence.uexp" 292
"../../../Engine/Plugins/Interchange/Assets/Content/Functions/MX_StandardSurface.uasset" 293
"../../../Engine/Plugins/Interchange/Assets/Content/Functions/MX_StandardSurface.uexp" 294
"../../../Engine/Plugins/Interchange/Assets/Content/Functions/MX_TransmissionSurface.uasset" 295
"../../../Engine/Plugins/Interchange/Assets/Content/Functions/MX_TransmissionSurface.uexp" 296
"../../../Engine/Plugins/Interchange/Assets/Content/Functions/MX_OpenPBR_Translucent.uasset" 297
"../../../Engine/Plugins/Interchange/Assets/Content/Functions/MX_OpenPBR_Translucent.uexp" 298
"../../../Engine/Plugins/Interchange/Assets/Content/Functions/MX_OpenPBR_Opaque.uasset" 299
"../../../Engine/Plugins/Interchange/Assets/Content/Functions/MX_OpenPBR_Opaque.uexp" 300
"../../../Engine/Plugins/Interchange/Assets/Content/Functions/MX_MeasuredEDF.uasset" 301
"../../../Engine/Plugins/Interchange/Assets/Content/Functions/MX_MeasuredEDF.uexp" 302
"../../../Engine/Plugins/Interchange/Assets/Content/Functions/MX_GeneralizedSchlickBSDF.uasset" 303
"../../../Engine/Plugins/Interchange/Assets/Content/Functions/MX_GeneralizedSchlickBSDF.uexp" 304
"../../../Engine/Plugins/Interchange/Assets/Content/Functions/MX_DielectricBSDF.uasset" 305
"../../../Engine/Plugins/Interchange/Assets/Content/Functions/MX_DielectricBSDF.uexp" 306
"../../../Engine/Plugins/Interchange/Assets/Content/Functions/MX_ConicalEDF.uasset" 307
"../../../Engine/Plugins/Interchange/Assets/Content/Functions/MX_ConicalEDF.uexp" 308
"../../../Engine/Plugins/Interchange/Assets/Content/Functions/MX_ConductorBSDF.uasset" 309
"../../../Engine/Plugins/Interchange/Assets/Content/Functions/MX_ConductorBSDF.uexp" 310
"../../../Engine/Plugins/Interchange/Assets/Content/Functions/MX_BurleyDiffuseBSDF.uasset" 311
"../../../Engine/Plugins/Interchange/Assets/Content/Functions/MX_BurleyDiffuseBSDF.uexp" 312
"../../../Engine/Plugins/Interchange/Assets/Content/Functions/MX_AnisotropicVDF.uasset" 313
"../../../Engine/Plugins/Interchange/Assets/Content/Functions/MX_AnisotropicVDF.uexp" 314
"../../../Engine/Plugins/Interchange/Assets/Content/Functions/MX_AbsorptionVDF.uasset" 315
"../../../Engine/Plugins/Interchange/Assets/Content/Functions/MX_AbsorptionVDF.uexp" 316
"../../../Engine/Plugins/Editor/SpeedTreeImporter/Content/SpeedTree9/game_wind_noise.ubulk" 317
"../../../Engine/Plugins/Editor/SpeedTreeImporter/Content/SpeedTree9/game_wind_noise.uasset" 318
"../../../Engine/Plugins/Editor/SpeedTreeImporter/Content/SpeedTree9/game_wind_noise.uexp" 319
"../../../Engine/Plugins/Editor/SpeedTreeImporter/Content/SpeedTree9/UnpackDirection.uasset" 320
"../../../Engine/Plugins/Editor/SpeedTreeImporter/Content/SpeedTree9/UnpackDirection.uexp" 321
"../../../Engine/Content/Functions/Engine_MaterialFunctions02/ObjectLocalBounds.uasset" 322
"../../../Engine/Content/Functions/Engine_MaterialFunctions02/ObjectLocalBounds.uexp" 323
"../../../Engine/Content/Functions/Engine_MaterialFunctions02/Utility/BreakOutFloat3Components.uasset" 324
"../../../Engine/Content/Functions/Engine_MaterialFunctions02/Utility/BreakOutFloat3Components.uexp" 325
"../../../Engine/Content/Functions/Engine_MaterialFunctions02/UVs/BoundingBoxBased_0-1_UVW.uasset" 326
"../../../Engine/Content/Functions/Engine_MaterialFunctions02/UVs/BoundingBoxBased_0-1_UVW.uexp" 327
"../../../Engine/Plugins/Editor/SpeedTreeImporter/Content/SpeedTree9/UnpackInteger3.uasset" 328
"../../../Engine/Plugins/Editor/SpeedTreeImporter/Content/SpeedTree9/UnpackInteger3.uexp" 329
"../../../Engine/Plugins/Editor/SpeedTreeImporter/Content/SpeedTree9/SpeedTreeCameraFacing.uasset" 330
"../../../Engine/Plugins/Editor/SpeedTreeImporter/Content/SpeedTree9/SpeedTreeCameraFacing.uexp" 331
"../../../Engine/Content/Functions/Engine_MaterialFunctions02/WorldPositionOffset/ObjectScale.uasset" 332
"../../../Engine/Content/Functions/Engine_MaterialFunctions02/WorldPositionOffset/ObjectScale.uexp" 333
"../../../Engine/Content/Functions/Engine_MaterialFunctions02/SafeNormalize.uasset" 334
"../../../Engine/Content/Functions/Engine_MaterialFunctions02/SafeNormalize.uexp" 335
"../../../Engine/Plugins/Editor/SpeedTreeImporter/Content/SpeedTree9/SpeedTreeWindMotion.uasset" 336
"../../../Engine/Plugins/Editor/SpeedTreeImporter/Content/SpeedTree9/SpeedTreeWindMotion.uexp" 337
"../../../Engine/Plugins/Editor/SpeedTreeImporter/Content/SpeedTree9/SpeedTreeBranchMotion.uasset" 338
"../../../Engine/Plugins/Editor/SpeedTreeImporter/Content/SpeedTree9/SpeedTreeBranchMotion.uexp" 339
"../../../Engine/Plugins/Editor/SpeedTreeImporter/Content/SpeedTree9/SpeedTreeWind.uasset" 340
"../../../Engine/Plugins/Editor/SpeedTreeImporter/Content/SpeedTree9/SpeedTreeWind.uexp" 341
"../../../Engine/Plugins/Editor/SpeedTreeImporter/Content/SpeedTree9/EmptyNormal.uasset" 342
"../../../Engine/Plugins/Editor/SpeedTreeImporter/Content/SpeedTree9/EmptyNormal.uexp" 343
"../../../Engine/Plugins/Editor/SpeedTreeImporter/Content/SpeedTree9/Empty.uasset" 344
"../../../Engine/Plugins/Editor/SpeedTreeImporter/Content/SpeedTree9/Empty.uexp" 345
"../../../Engine/Plugins/Editor/SpeedTreeImporter/Content/SpeedTree9/SpeedTreeMaster.uasset" 346
"../../../Engine/Plugins/Editor/SpeedTreeImporter/Content/SpeedTree9/SpeedTreeMaster.uexp" 347
"../../../Engine/Plugins/Editor/SpeedTreeImporter/Content/SpeedTree9/SpeedTreeBillboard.uasset" 348
"../../../Engine/Plugins/Editor/SpeedTreeImporter/Content/SpeedTree9/SpeedTreeBillboard.uexp" 349
"../../../Engine/Plugins/Editor/SpeedTreeImporter/Content/SpeedTree9/SpeedTreeBillboardMaster.uasset" 350
"../../../Engine/Plugins/Editor/SpeedTreeImporter/Content/SpeedTree9/SpeedTreeBillboardMaster.uexp" 351
"../../../Engine/Plugins/Animation/ControlRig/Content/Controls/ControlRig_Wedge_solid.ubulk" 352
"../../../Engine/Plugins/Animation/ControlRig/Content/Controls/ControlRig_Wedge_solid.uasset" 353
"../../../Engine/Plugins/Animation/ControlRig/Content/Controls/ControlRig_Wedge_solid.uexp" 354
"../../../Engine/Plugins/Animation/ControlRig/Content/Controls/ControlRig_Wedge_3mm.ubulk" 355
"../../../Engine/Plugins/Animation/ControlRig/Content/Controls/ControlRig_Wedge_3mm.uasset" 356
"../../../Engine/Plugins/Animation/ControlRig/Content/Controls/ControlRig_Wedge_3mm.uexp" 357
"../../../Engine/Plugins/Animation/ControlRig/Content/Controls/ControlRig_Wedge_1mm.ubulk" 358
"../../../Engine/Plugins/Animation/ControlRig/Content/Controls/ControlRig_Wedge_1mm.uasset" 359
"../../../Engine/Plugins/Animation/ControlRig/Content/Controls/ControlRig_Wedge_1mm.uexp" 360
"../../../Engine/Plugins/Animation/ControlRig/Content/Controls/ControlRig_Triangle_solid.ubulk" 361
"../../../Engine/Plugins/Animation/ControlRig/Content/Controls/ControlRig_Triangle_solid.uasset" 362
"../../../Engine/Plugins/Animation/ControlRig/Content/Controls/ControlRig_Triangle_solid.uexp" 363
"../../../Engine/Plugins/Animation/ControlRig/Content/Controls/ControlRig_Triangle_3mm.ubulk" 364
"../../../Engine/Plugins/Animation/ControlRig/Content/Controls/ControlRig_Triangle_3mm.uasset" 365
"../../../Engine/Plugins/Animation/ControlRig/Content/Controls/ControlRig_Triangle_3mm.uexp" 366
"../../../Engine/Plugins/Animation/ControlRig/Content/Controls/ControlRig_Triangle_1mm.ubulk" 367
"../../../Engine/Plugins/Animation/ControlRig/Content/Controls/ControlRig_Triangle_1mm.uasset" 368
"../../../Engine/Plugins/Animation/ControlRig/Content/Controls/ControlRig_Triangle_1mm.uexp" 369
"../../../Engine/Plugins/Animation/ControlRig/Content/Controls/ControlRig_Star4_solid.ubulk" 370
"../../../Engine/Plugins/Animation/ControlRig/Content/Controls/ControlRig_Star4_solid.uasset" 371
"../../../Engine/Plugins/Animation/ControlRig/Content/Controls/ControlRig_Star4_solid.uexp" 372
"../../../Engine/Plugins/Animation/ControlRig/Content/Controls/ControlRig_Star4_3mm.ubulk" 373
"../../../Engine/Plugins/Animation/ControlRig/Content/Controls/ControlRig_Star4_3mm.uasset" 374
"../../../Engine/Plugins/Animation/ControlRig/Content/Controls/ControlRig_Star4_3mm.uexp" 375
"../../../Engine/Plugins/Animation/ControlRig/Content/Controls/ControlRig_Star4_1mm.ubulk" 376
"../../../Engine/Plugins/Animation/ControlRig/Content/Controls/ControlRig_Star4_1mm.uasset" 377
"../../../Engine/Plugins/Animation/ControlRig/Content/Controls/ControlRig_Star4_1mm.uexp" 378
"../../../Engine/Plugins/Animation/ControlRig/Content/Controls/ControlRig_Square_solid.ubulk" 379
"../../../Engine/Plugins/Animation/ControlRig/Content/Controls/ControlRig_Square_solid.uasset" 380
"../../../Engine/Plugins/Animation/ControlRig/Content/Controls/ControlRig_Square_solid.uexp" 381
"../../../Engine/Plugins/Animation/ControlRig/Content/Controls/ControlRig_Square_3mm.ubulk" 382
"../../../Engine/Plugins/Animation/ControlRig/Content/Controls/ControlRig_Square_3mm.uasset" 383
"../../../Engine/Plugins/Animation/ControlRig/Content/Controls/ControlRig_Square_3mm.uexp" 384
"../../../Engine/Plugins/Animation/ControlRig/Content/Controls/ControlRig_Square_1mm.ubulk" 385
"../../../Engine/Plugins/Animation/ControlRig/Content/Controls/ControlRig_Square_1mm.uasset" 386
"../../../Engine/Plugins/Animation/ControlRig/Content/Controls/ControlRig_Square_1mm.uexp" 387
"../../../Engine/Plugins/Animation/ControlRig/Content/Controls/ControlRig_Sphere_solid.ubulk" 388
"../../../Engine/Plugins/Animation/ControlRig/Content/Controls/ControlRig_Sphere_solid.uasset" 389
"../../../Engine/Plugins/Animation/ControlRig/Content/Controls/ControlRig_Sphere_solid.uexp" 390
"../../../Engine/Plugins/Animation/ControlRig/Content/Controls/ControlRig_Sphere_3mm.ubulk" 391
"../../../Engine/Plugins/Animation/ControlRig/Content/Controls/ControlRig_Sphere_3mm.uasset" 392
"../../../Engine/Plugins/Animation/ControlRig/Content/Controls/ControlRig_Sphere_3mm.uexp" 393
"../../../Engine/Plugins/Animation/ControlRig/Content/Controls/ControlRig_Sphere_1mm.ubulk" 394
"../../../Engine/Plugins/Animation/ControlRig/Content/Controls/ControlRig_Sphere_1mm.uasset" 395
"../../../Engine/Plugins/Animation/ControlRig/Content/Controls/ControlRig_Sphere_1mm.uexp" 396
"../../../Engine/Plugins/Animation/ControlRig/Content/Controls/ControlRig_RoundedTriangle_solid.ubulk" 397
"../../../Engine/Plugins/Animation/ControlRig/Content/Controls/ControlRig_RoundedTriangle_solid.uasset" 398
"../../../Engine/Plugins/Animation/ControlRig/Content/Controls/ControlRig_RoundedTriangle_solid.uexp" 399
"../../../Engine/Plugins/Animation/ControlRig/Content/Controls/ControlRig_RoundedTriangle_3mm.ubulk" 400
"../../../Engine/Plugins/Animation/ControlRig/Content/Controls/ControlRig_RoundedTriangle_3mm.uasset" 401
"../../../Engine/Plugins/Animation/ControlRig/Content/Controls/ControlRig_RoundedTriangle_3mm.uexp" 402
"../../../Engine/Plugins/Animation/ControlRig/Content/Controls/ControlRig_RoundedTriangle_1mm.ubulk" 403
"../../../Engine/Plugins/Animation/ControlRig/Content/Controls/ControlRig_RoundedTriangle_1mm.uasset" 404
"../../../Engine/Plugins/Animation/ControlRig/Content/Controls/ControlRig_RoundedTriangle_1mm.uexp" 405
"../../../Engine/Plugins/Animation/ControlRig/Content/Controls/ControlRig_RoundedSquare_solid.ubulk" 406
"../../../Engine/Plugins/Animation/ControlRig/Content/Controls/ControlRig_RoundedSquare_solid.uasset" 407
"../../../Engine/Plugins/Animation/ControlRig/Content/Controls/ControlRig_RoundedSquare_solid.uexp" 408
"../../../Engine/Plugins/Animation/ControlRig/Content/Controls/ControlRig_RoundedSquare_3mm.ubulk" 409
"../../../Engine/Plugins/Animation/ControlRig/Content/Controls/ControlRig_RoundedSquare_3mm.uasset" 410
"../../../Engine/Plugins/Animation/ControlRig/Content/Controls/ControlRig_RoundedSquare_3mm.uexp" 411
"../../../Engine/Plugins/Animation/ControlRig/Content/Controls/ControlRig_RoundedSquare_1mm.ubulk" 412
"../../../Engine/Plugins/Animation/ControlRig/Content/Controls/ControlRig_RoundedSquare_1mm.uasset" 413
"../../../Engine/Plugins/Animation/ControlRig/Content/Controls/ControlRig_RoundedSquare_1mm.uexp" 414
"../../../Engine/Plugins/Animation/ControlRig/Content/Controls/ControlRig_QuarterCircle_solid.ubulk" 415
"../../../Engine/Plugins/Animation/ControlRig/Content/Controls/ControlRig_QuarterCircle_solid.uasset" 416
"../../../Engine/Plugins/Animation/ControlRig/Content/Controls/ControlRig_QuarterCircle_solid.uexp" 417
"../../../Engine/Plugins/Animation/ControlRig/Content/Controls/ControlRig_QuarterCircle_3mm.ubulk" 418
"../../../Engine/Plugins/Animation/ControlRig/Content/Controls/ControlRig_QuarterCircle_3mm.uasset" 419
"../../../Engine/Plugins/Animation/ControlRig/Content/Controls/ControlRig_QuarterCircle_3mm.uexp" 420
"../../../Engine/Plugins/Animation/ControlRig/Content/Controls/ControlRig_QuarterCircle_1mm.ubulk" 421
"../../../Engine/Plugins/Animation/ControlRig/Content/Controls/ControlRig_QuarterCircle_1mm.uasset" 422
"../../../Engine/Plugins/Animation/ControlRig/Content/Controls/ControlRig_QuarterCircle_1mm.uexp" 423
"../../../Engine/Plugins/Animation/ControlRig/Content/Controls/ControlRig_Pyramid_solid.ubulk" 424
"../../../Engine/Plugins/Animation/ControlRig/Content/Controls/ControlRig_Pyramid_solid.uasset" 425
"../../../Engine/Plugins/Animation/ControlRig/Content/Controls/ControlRig_Pyramid_solid.uexp" 426
"../../../Engine/Plugins/Animation/ControlRig/Content/Controls/ControlRig_Pyramid_3mm.ubulk" 427
"../../../Engine/Plugins/Animation/ControlRig/Content/Controls/ControlRig_Pyramid_3mm.uasset" 428
"../../../Engine/Plugins/Animation/ControlRig/Content/Controls/ControlRig_Pyramid_3mm.uexp" 429
"../../../Engine/Plugins/Animation/ControlRig/Content/Controls/ControlRig_Pyramid_1mm.ubulk" 430
"../../../Engine/Plugins/Animation/ControlRig/Content/Controls/ControlRig_Pyramid_1mm.uasset" 431
"../../../Engine/Plugins/Animation/ControlRig/Content/Controls/ControlRig_Pyramid_1mm.uexp" 432
"../../../Engine/Plugins/Animation/ControlRig/Content/Controls/ControlRig_Octagon_solid.ubulk" 433
"../../../Engine/Plugins/Animation/ControlRig/Content/Controls/ControlRig_Octagon_solid.uasset" 434
"../../../Engine/Plugins/Animation/ControlRig/Content/Controls/ControlRig_Octagon_solid.uexp" 435
"../../../Engine/Plugins/Animation/ControlRig/Content/Controls/ControlRig_Octagon_3mm.ubulk" 436
"../../../Engine/Plugins/Animation/ControlRig/Content/Controls/ControlRig_Octagon_3mm.uasset" 437
"../../../Engine/Plugins/Animation/ControlRig/Content/Controls/ControlRig_Octagon_3mm.uexp" 438
"../../../Engine/Plugins/Animation/ControlRig/Content/Controls/ControlRig_Octagon_1mm.ubulk" 439
"../../../Engine/Plugins/Animation/ControlRig/Content/Controls/ControlRig_Octagon_1mm.uasset" 440
"../../../Engine/Plugins/Animation/ControlRig/Content/Controls/ControlRig_Octagon_1mm.uexp" 441
"../../../Engine/Plugins/Animation/ControlRig/Content/Controls/ControlRig_Hexagon_solid.ubulk" 442
"../../../Engine/Plugins/Animation/ControlRig/Content/Controls/ControlRig_Hexagon_solid.uasset" 443
"../../../Engine/Plugins/Animation/ControlRig/Content/Controls/ControlRig_Hexagon_solid.uexp" 444
"../../../Engine/Plugins/Animation/ControlRig/Content/Controls/ControlRig_Hexagon_3mm.ubulk" 445
"../../../Engine/Plugins/Animation/ControlRig/Content/Controls/ControlRig_Hexagon_3mm.uasset" 446
"../../../Engine/Plugins/Animation/ControlRig/Content/Controls/ControlRig_Hexagon_3mm.uexp" 447
"../../../Engine/Plugins/Animation/ControlRig/Content/Controls/ControlRig_Hexagon_1mm.ubulk" 448
"../../../Engine/Plugins/Animation/ControlRig/Content/Controls/ControlRig_Hexagon_1mm.uasset" 449
"../../../Engine/Plugins/Animation/ControlRig/Content/Controls/ControlRig_Hexagon_1mm.uexp" 450
"../../../Engine/Plugins/Animation/ControlRig/Content/Controls/ControlRig_HalfCircle_solid.ubulk" 451
"../../../Engine/Plugins/Animation/ControlRig/Content/Controls/ControlRig_HalfCircle_solid.uasset" 452
"../../../Engine/Plugins/Animation/ControlRig/Content/Controls/ControlRig_HalfCircle_solid.uexp" 453
"../../../Engine/Plugins/Animation/ControlRig/Content/Controls/ControlRig_HalfCircle_3mm.ubulk" 454
"../../../Engine/Plugins/Animation/ControlRig/Content/Controls/ControlRig_HalfCircle_3mm.uasset" 455
"../../../Engine/Plugins/Animation/ControlRig/Content/Controls/ControlRig_HalfCircle_3mm.uexp" 456
"../../../Engine/Plugins/Animation/ControlRig/Content/Controls/ControlRig_HalfCircle_1mm.ubulk" 457
"../../../Engine/Plugins/Animation/ControlRig/Content/Controls/ControlRig_HalfCircle_1mm.uasset" 458
"../../../Engine/Plugins/Animation/ControlRig/Content/Controls/ControlRig_HalfCircle_1mm.uexp" 459
"../../../Engine/Plugins/Animation/ControlRig/Content/Controls/ControlRig_Diamond_solid.ubulk" 460
"../../../Engine/Plugins/Animation/ControlRig/Content/Controls/ControlRig_Diamond_solid.uasset" 461
"../../../Engine/Plugins/Animation/ControlRig/Content/Controls/ControlRig_Diamond_solid.uexp" 462
"../../../Engine/Plugins/Animation/ControlRig/Content/Controls/ControlRig_Diamond_3mm.ubulk" 463
"../../../Engine/Plugins/Animation/ControlRig/Content/Controls/ControlRig_Diamond_3mm.uasset" 464
"../../../Engine/Plugins/Animation/ControlRig/Content/Controls/ControlRig_Diamond_3mm.uexp" 465
"../../../Engine/Plugins/Animation/ControlRig/Content/Controls/ControlRig_Diamond_1mm.ubulk" 466
"../../../Engine/Plugins/Animation/ControlRig/Content/Controls/ControlRig_Diamond_1mm.uasset" 467
"../../../Engine/Plugins/Animation/ControlRig/Content/Controls/ControlRig_Diamond_1mm.uexp" 468
"../../../Engine/Plugins/Animation/ControlRig/Content/Controls/ControlRig_Circle_solid.ubulk" 469
"../../../Engine/Plugins/Animation/ControlRig/Content/Controls/ControlRig_Circle_solid.uasset" 470
"../../../Engine/Plugins/Animation/ControlRig/Content/Controls/ControlRig_Circle_solid.uexp" 471
"../../../Engine/Plugins/Animation/ControlRig/Content/Controls/ControlRig_Circle_3mm.ubulk" 472
"../../../Engine/Plugins/Animation/ControlRig/Content/Controls/ControlRig_Circle_3mm.uasset" 473
"../../../Engine/Plugins/Animation/ControlRig/Content/Controls/ControlRig_Circle_3mm.uexp" 474
"../../../Engine/Plugins/Animation/ControlRig/Content/Controls/ControlRig_Circle_1mm.ubulk" 475
"../../../Engine/Plugins/Animation/ControlRig/Content/Controls/ControlRig_Circle_1mm.uasset" 476
"../../../Engine/Plugins/Animation/ControlRig/Content/Controls/ControlRig_Circle_1mm.uexp" 477
"../../../Engine/Plugins/Animation/ControlRig/Content/Controls/ControlRig_Box_solid.ubulk" 478
"../../../Engine/Plugins/Animation/ControlRig/Content/Controls/ControlRig_Box_solid.uasset" 479
"../../../Engine/Plugins/Animation/ControlRig/Content/Controls/ControlRig_Box_solid.uexp" 480
"../../../Engine/Plugins/Animation/ControlRig/Content/Controls/ControlRig_Box_3mm.ubulk" 481
"../../../Engine/Plugins/Animation/ControlRig/Content/Controls/ControlRig_Box_3mm.uasset" 482
"../../../Engine/Plugins/Animation/ControlRig/Content/Controls/ControlRig_Box_3mm.uexp" 483
"../../../Engine/Plugins/Animation/ControlRig/Content/Controls/ControlRig_Box_1mm.ubulk" 484
"../../../Engine/Plugins/Animation/ControlRig/Content/Controls/ControlRig_Box_1mm.uasset" 485
"../../../Engine/Plugins/Animation/ControlRig/Content/Controls/ControlRig_Box_1mm.uexp" 486
"../../../Engine/Plugins/Animation/ControlRig/Content/Controls/ControlRig_Arrow_solid.ubulk" 487
"../../../Engine/Plugins/Animation/ControlRig/Content/Controls/ControlRig_Arrow_solid.uasset" 488
"../../../Engine/Plugins/Animation/ControlRig/Content/Controls/ControlRig_Arrow_solid.uexp" 489
"../../../Engine/Plugins/Animation/ControlRig/Content/Controls/ControlRig_Arrow_3mm.ubulk" 490
"../../../Engine/Plugins/Animation/ControlRig/Content/Controls/ControlRig_Arrow_3mm.uasset" 491
"../../../Engine/Plugins/Animation/ControlRig/Content/Controls/ControlRig_Arrow_3mm.uexp" 492
"../../../Engine/Plugins/Animation/ControlRig/Content/Controls/ControlRig_Arrow_1mm.ubulk" 493
"../../../Engine/Plugins/Animation/ControlRig/Content/Controls/ControlRig_Arrow_1mm.uasset" 494
"../../../Engine/Plugins/Animation/ControlRig/Content/Controls/ControlRig_Arrow_1mm.uexp" 495
"../../../Engine/Plugins/Animation/ControlRig/Content/Controls/ControlRig_Arrow4_solid.ubulk" 496
"../../../Engine/Plugins/Animation/ControlRig/Content/Controls/ControlRig_Arrow4_solid.uasset" 497
"../../../Engine/Plugins/Animation/ControlRig/Content/Controls/ControlRig_Arrow4_solid.uexp" 498
"../../../Engine/Plugins/Animation/ControlRig/Content/Controls/ControlRig_Arrow4_3mm.ubulk" 499
"../../../Engine/Plugins/Animation/ControlRig/Content/Controls/ControlRig_Arrow4_3mm.uasset" 500
"../../../Engine/Plugins/Animation/ControlRig/Content/Controls/ControlRig_Arrow4_3mm.uexp" 501
"../../../Engine/Plugins/Animation/ControlRig/Content/Controls/ControlRig_Arrow4_1mm.ubulk" 502
"../../../Engine/Plugins/Animation/ControlRig/Content/Controls/ControlRig_Arrow4_1mm.uasset" 503
"../../../Engine/Plugins/Animation/ControlRig/Content/Controls/ControlRig_Arrow4_1mm.uexp" 504
"../../../Engine/Plugins/Animation/ControlRig/Content/Controls/ControlRig_Arrow2_solid.ubulk" 505
"../../../Engine/Plugins/Animation/ControlRig/Content/Controls/ControlRig_Arrow2_solid.uasset" 506
"../../../Engine/Plugins/Animation/ControlRig/Content/Controls/ControlRig_Arrow2_solid.uexp" 507
"../../../Engine/Plugins/Animation/ControlRig/Content/Controls/ControlRig_Arrow2_3mm.ubulk" 508
"../../../Engine/Plugins/Animation/ControlRig/Content/Controls/ControlRig_Arrow2_3mm.uasset" 509
"../../../Engine/Plugins/Animation/ControlRig/Content/Controls/ControlRig_Arrow2_3mm.uexp" 510
"../../../Engine/Plugins/Animation/ControlRig/Content/Controls/ControlRig_Arrow2_1mm.ubulk" 511
"../../../Engine/Plugins/Animation/ControlRig/Content/Controls/ControlRig_Arrow2_1mm.uasset" 512
"../../../Engine/Plugins/Animation/ControlRig/Content/Controls/ControlRig_Arrow2_1mm.uexp" 513
"../../../Engine/Plugins/Animation/ControlRig/Content/Controls/ControlRigXRayMaterial.uasset" 514
"../../../Engine/Plugins/Animation/ControlRig/Content/Controls/ControlRigXRayMaterial.uexp" 515
"../../../Engine/Plugins/Animation/ControlRig/Content/Controls/ControlRigGizmoMaterial.uasset" 516
"../../../Engine/Plugins/Animation/ControlRig/Content/Controls/ControlRigGizmoMaterial.uexp" 517
"../../../Engine/Content/EngineResources/WhiteSquareTexture.uasset" 518
"../../../Engine/Content/EngineResources/WhiteSquareTexture.uexp" 519
"../../../Engine/Content/EngineMaterials/Widget3DPassThrough.uasset" 520
"../../../Engine/Content/EngineMaterials/Widget3DPassThrough.uexp" 521
"../../../Engine/Content/EngineMaterials/Widget3DPassThrough_Translucent.uasset" 522
"../../../Engine/Content/EngineMaterials/Widget3DPassThrough_Translucent.uexp" 523
"../../../Engine/Content/EngineMaterials/Widget3DPassThrough_Translucent_OneSided.uasset" 524
"../../../Engine/Content/EngineMaterials/Widget3DPassThrough_Translucent_OneSided.uexp" 525
"../../../Engine/Content/EngineMaterials/Widget3DPassThrough_Opaque.uasset" 526
"../../../Engine/Content/EngineMaterials/Widget3DPassThrough_Opaque.uexp" 527
"../../../Engine/Content/EngineMaterials/Widget3DPassThrough_Opaque_OneSided.uasset" 528
"../../../Engine/Content/EngineMaterials/Widget3DPassThrough_Opaque_OneSided.uexp" 529
"../../../Engine/Content/EngineMaterials/Widget3DPassThrough_Masked_OneSided.uasset" 530
"../../../Engine/Content/EngineMaterials/Widget3DPassThrough_Masked_OneSided.uexp" 531
"../../../Engine/Content/EngineMaterials/Widget3DPassThrough_Masked.uasset" 532
"../../../Engine/Content/EngineMaterials/Widget3DPassThrough_Masked.uexp" 533
"../../../Engine/Content/EngineMaterials/WeightMapPlaceholderTexture.uasset" 534
"../../../Engine/Content/EngineMaterials/WeightMapPlaceholderTexture.uexp" 535
"../../../Engine/Content/EngineMaterials/WeightMapArrayPlaceholderTexture.uasset" 536
"../../../Engine/Content/EngineMaterials/WeightMapArrayPlaceholderTexture.uexp" 537
"../../../Engine/Content/EngineMaterials/RemoveSurfaceMaterial.uasset" 538
"../../../Engine/Content/EngineMaterials/RemoveSurfaceMaterial.uexp" 539
"../../../Engine/Content/EngineMaterials/DefaultCalibrationGrayscale.uasset" 540
"../../../Engine/Content/EngineMaterials/DefaultCalibrationGrayscale.uexp" 541
"../../../Engine/Content/EngineMaterials/PPM_DefaultCalibrationGrayscale.uasset" 542
"../../../Engine/Content/EngineMaterials/PPM_DefaultCalibrationGrayscale.uexp" 543
"../../../Engine/Content/EngineMaterials/DefaultCalibrationColor.uasset" 544
"../../../Engine/Content/EngineMaterials/DefaultCalibrationColor.uexp" 545
"../../../Engine/Content/EngineMaterials/PPM_DefaultCalibrationColor.uasset" 546
"../../../Engine/Content/EngineMaterials/PPM_DefaultCalibrationColor.uexp" 547
"../../../Engine/Content/EngineMaterials/PhAT_JointLimitMaterial.uasset" 548
"../../../Engine/Content/EngineMaterials/PhAT_JointLimitMaterial.uexp" 549
"../../../Engine/Content/EngineMaterials/NaniteHiddenSectionMaterial.uasset" 550
"../../../Engine/Content/EngineMaterials/NaniteHiddenSectionMaterial.uexp" 551
"../../../Engine/Content/EngineMaterials/InvalidLightmapSettings.ubulk" 552
"../../../Engine/Content/EngineMaterials/InvalidLightmapSettings.uasset" 553
"../../../Engine/Content/EngineMaterials/InvalidLightmapSettings.uexp" 554
"../../../Engine/Content/EngineMaterials/M_InvalidLightmapSettings.uasset" 555
"../../../Engine/Content/EngineMaterials/M_InvalidLightmapSettings.uexp" 556
"../../../Engine/Content/EngineMaterials/GizmoMaterial.uasset" 557
"../../../Engine/Content/EngineMaterials/GizmoMaterial.uexp" 558
"../../../Engine/Content/EngineMaterials/BaseFlattenEmissiveMap_VT.uasset" 559
"../../../Engine/Content/EngineMaterials/BaseFlattenEmissiveMap_VT.uexp" 560
"../../../Engine/Content/EngineMaterials/BaseFlattenGrayscaleMap_VT.uasset" 561
"../../../Engine/Content/EngineMaterials/BaseFlattenGrayscaleMap_VT.uexp" 562
"../../../Engine/Content/EngineMaterials/BaseFlattenLinearColor_VT.uasset" 563
"../../../Engine/Content/EngineMaterials/BaseFlattenLinearColor_VT.uexp" 564
"../../../Engine/Content/EngineMaterials/Black_1x1_EXR_Texture_VT.uasset" 565
"../../../Engine/Content/EngineMaterials/Black_1x1_EXR_Texture_VT.uexp" 566
"../../../Engine/Content/EngineMaterials/BaseFlattenDiffuseMap_VT.uasset" 567
"../../../Engine/Content/EngineMaterials/BaseFlattenDiffuseMap_VT.uexp" 568
"../../../Engine/Content/EngineMaterials/BaseFlattenNormalMap_VT.uasset" 569
"../../../Engine/Content/EngineMaterials/BaseFlattenNormalMap_VT.uexp" 570
"../../../Engine/Content/EngineMaterials/FlattenMaterial_WS_Normal_VT.uasset" 571
"../../../Engine/Content/EngineMaterials/FlattenMaterial_WS_Normal_VT.uexp" 572
"../../../Engine/Content/EngineMaterials/FlattenMaterial_VT.uasset" 573
"../../../Engine/Content/EngineMaterials/FlattenMaterial_VT.uexp" 574
"../../../Engine/Content/EngineMaterials/BaseFlattenNormalMap.uasset" 575
"../../../Engine/Content/EngineMaterials/BaseFlattenNormalMap.uexp" 576
"../../../Engine/Content/EngineMaterials/BaseFlattenGrayscaleMap.uasset" 577
"../../../Engine/Content/EngineMaterials/BaseFlattenGrayscaleMap.uexp" 578
"../../../Engine/Content/EngineMaterials/BaseFlattenDiffuseMap.uasset" 579
"../../../Engine/Content/EngineMaterials/BaseFlattenDiffuseMap.uexp" 580
"../../../Engine/Content/Functions/Engine_MaterialFunctions02/PivotPainter2/Black_1x1_EXR_Texture.uasset" 581
"../../../Engine/Content/Functions/Engine_MaterialFunctions02/PivotPainter2/Black_1x1_EXR_Texture.uexp" 582
"../../../Engine/Content/EngineMaterials/BaseFlattenEmissiveMap.uasset" 583
"../../../Engine/Content/EngineMaterials/BaseFlattenEmissiveMap.uexp" 584
"../../../Engine/Content/EngineMaterials/BaseFlattenLinearColor.uasset" 585
"../../../Engine/Content/EngineMaterials/BaseFlattenLinearColor.uexp" 586
"../../../Engine/Content/EngineMaterials/FlattenMaterial.uasset" 587
"../../../Engine/Content/EngineMaterials/FlattenMaterial.uexp" 588
"../../../Engine/Content/EngineMaterials/DefaultWhiteGrid_Low.uasset" 589
"../../../Engine/Content/EngineMaterials/DefaultWhiteGrid_Low.uexp" 590
"../../../Engine/Content/EngineMaterials/EmissiveMeshMaterial.uasset" 591
"../../../Engine/Content/EngineMaterials/EmissiveMeshMaterial.uexp" 592
"../../../Engine/Content/EngineFonts/RobotoDistanceField.uasset" 593
"../../../Engine/Content/EngineFonts/RobotoDistanceField.uexp" 594
"../../../Engine/Content/EngineMaterials/DefaultTextMaterialOpaque.uasset" 595
"../../../Engine/Content/EngineMaterials/DefaultTextMaterialOpaque.uexp" 596
"../../../Engine/Content/EngineMaterials/DefaultDiffuse.ubulk" 597
"../../../Engine/Content/EngineMaterials/DefaultDiffuse.uasset" 598
"../../../Engine/Content/EngineMaterials/DefaultDiffuse.uexp" 599
"../../../Engine/Content/EngineMaterials/DefaultPostProcessMaterial.uasset" 600
"../../../Engine/Content/EngineMaterials/DefaultPostProcessMaterial.uexp" 601
"../../../Engine/Content/EngineMaterials/DefaultLightFunctionMaterial.uasset" 602
"../../../Engine/Content/EngineMaterials/DefaultLightFunctionMaterial.uexp" 603
"../../../Engine/Content/EngineMaterials/DefaultDeferredDecalMaterial.uasset" 604
"../../../Engine/Content/EngineMaterials/DefaultDeferredDecalMaterial.uexp" 605
"../../../Engine/Content/Functions/Engine_MaterialFunctions02/Utility/CameraDirectionVector.uasset" 606
"../../../Engine/Content/Functions/Engine_MaterialFunctions02/Utility/CameraDirectionVector.uexp" 607
"../../../Engine/Content/EngineDebugMaterials/VolumeToRender.uasset" 608
"../../../Engine/Content/EngineDebugMaterials/VolumeToRender.uexp" 609
"../../../Engine/Content/EngineDebugMaterials/M_VolumeRenderSphereTracePP.uasset" 610
"../../../Engine/Content/EngineDebugMaterials/M_VolumeRenderSphereTracePP.uexp" 611
"../../../Engine/Content/EngineDebugMaterials/M_SimpleUnlitTranslucent.uasset" 612
"../../../Engine/Content/EngineDebugMaterials/M_SimpleUnlitTranslucent.uexp" 613
"../../../Engine/Content/EngineDebugMaterials/DebugMeshMaterial.uasset" 614
"../../../Engine/Content/EngineDebugMaterials/DebugMeshMaterial.uexp" 615
"../../../Engine/Content/EngineDebugMaterials/DebugEditorMaterial.uasset" 616
"../../../Engine/Content/EngineDebugMaterials/DebugEditorMaterial.uexp" 617
"../../../Engine/Content/EditorMaterials/PreviewShadowIndicator.ubulk" 618
"../../../Engine/Content/EditorMaterials/PreviewShadowIndicator.uasset" 619
"../../../Engine/Content/EditorMaterials/PreviewShadowIndicator.uexp" 620
"../../../Engine/Content/EditorMaterials/PreviewShadowIndicatorMaterial.uasset" 621
"../../../Engine/Content/EditorMaterials/PreviewShadowIndicatorMaterial.uexp" 622
"../../../Engine/Content/EditorMaterials/PhAT_UnselectedMaterial.uasset" 623
"../../../Engine/Content/EditorMaterials/PhAT_UnselectedMaterial.uexp" 624
"../../../Engine/Content/EditorMaterials/PhAT_NoCollisionMaterial.uasset" 625
"../../../Engine/Content/EditorMaterials/PhAT_NoCollisionMaterial.uexp" 626
"../../../Engine/Content/EditorLandscapeResources/SplineEditorMeshMat.uasset" 627
"../../../Engine/Content/EditorLandscapeResources/SplineEditorMeshMat.uexp" 628
"../../../Engine/Content/EditorLandscapeResources/SplineEditorMesh.ubulk" 629
"../../../Engine/Content/EditorLandscapeResources/SplineEditorMesh.uasset" 630
"../../../Engine/Content/EditorLandscapeResources/SplineEditorMesh.uexp" 631
"../../../Engine/Content/BasicShapes/Plane.ubulk" 632
"../../../Engine/Content/BasicShapes/Plane.uasset" 633
"../../../Engine/Content/BasicShapes/Plane.uexp" 634
"../../../Engine/Content/EngineMaterials/DefaultMaterial.uasset" 635
"../../../Engine/Content/EngineMaterials/DefaultMaterial.uexp" 636
"../../../Engine/Content/BasicShapes/Cone.ubulk" 637
"../../../Engine/Content/BasicShapes/Cone.uasset" 638
"../../../Engine/Content/BasicShapes/Cone.uexp" 639
"../../../Engine/Plugins/Interchange/Assets/Content/gltf/Textures/T_White_srgb.uasset" 640
"../../../Engine/Plugins/Interchange/Assets/Content/gltf/Textures/T_White_srgb.uexp" 641
"../../../Engine/Plugins/Interchange/Assets/Content/gltf/MaterialFunctions/MF_BaseColor.uasset" 642
"../../../Engine/Plugins/Interchange/Assets/Content/gltf/MaterialFunctions/MF_BaseColor.uexp" 643
"../../../Engine/Plugins/Interchange/Assets/Content/gltf/MaterialFunctions/MF_RotateV2.uasset" 644
"../../../Engine/Plugins/Interchange/Assets/Content/gltf/MaterialFunctions/MF_RotateV2.uexp" 645
"../../../Engine/Plugins/Interchange/Assets/Content/gltf/MaterialFunctions/MF_TransformUVs.uasset" 646
"../../../Engine/Plugins/Interchange/Assets/Content/gltf/MaterialFunctions/MF_TransformUVs.uexp" 647
"../../../Engine/Plugins/Interchange/Assets/Content/gltf/MaterialBodies/MF_Unlit_Body.uasset" 648
"../../../Engine/Plugins/Interchange/Assets/Content/gltf/MaterialBodies/MF_Unlit_Body.uexp" 649
"../../../Engine/Plugins/Interchange/Assets/Content/gltf/M_Unlit.uasset" 650
"../../../Engine/Plugins/Interchange/Assets/Content/gltf/M_Unlit.uexp" 651
"../../../Engine/Plugins/Interchange/Assets/Content/gltf/MaterialInstances/MI_Unlit_Opaque_DS.uasset" 652
"../../../Engine/Plugins/Interchange/Assets/Content/gltf/MaterialInstances/MI_Unlit_Opaque_DS.uexp" 653
"../../../Engine/Plugins/Interchange/Assets/Content/gltf/MaterialInstances/MI_Unlit_Opaque.uasset" 654
"../../../Engine/Plugins/Interchange/Assets/Content/gltf/MaterialInstances/MI_Unlit_Opaque.uexp" 655
"../../../Engine/Plugins/Interchange/Assets/Content/gltf/MaterialInstances/MI_Unlit_Mask_DS.uasset" 656
"../../../Engine/Plugins/Interchange/Assets/Content/gltf/MaterialInstances/MI_Unlit_Mask_DS.uexp" 657
"../../../Engine/Plugins/Interchange/Assets/Content/gltf/MaterialInstances/MI_Unlit_Mask.uasset" 658
"../../../Engine/Plugins/Interchange/Assets/Content/gltf/MaterialInstances/MI_Unlit_Mask.uexp" 659
"../../../Engine/Plugins/Interchange/Assets/Content/gltf/MaterialInstances/MI_Unlit_Blend_DS.uasset" 660
"../../../Engine/Plugins/Interchange/Assets/Content/gltf/MaterialInstances/MI_Unlit_Blend_DS.uexp" 661
"../../../Engine/Plugins/Interchange/Assets/Content/gltf/MaterialInstances/MI_Unlit_Blend.uasset" 662
"../../../Engine/Plugins/Interchange/Assets/Content/gltf/MaterialInstances/MI_Unlit_Blend.uexp" 663
"../../../Engine/Content/Functions/Engine_MaterialFunctions02/Math/Transform3x3Matrix.uasset" 664
"../../../Engine/Content/Functions/Engine_MaterialFunctions02/Math/Transform3x3Matrix.uexp" 665
"../../../Engine/Content/EngineMaterials/Good64x64TilingNoiseHighFreq.uasset" 666
"../../../Engine/Content/EngineMaterials/Good64x64TilingNoiseHighFreq.uexp" 667
"../../../Engine/Content/Functions/Engine_MaterialFunctions02/Texturing/ScreenAlignedPixelToPixelUVs.uasset" 668
"../../../Engine/Content/Functions/Engine_MaterialFunctions02/Texturing/ScreenAlignedPixelToPixelUVs.uexp" 669
"../../../Engine/Plugins/Interchange/Assets/Content/gltf/MaterialFunctions/MF_Temporal_Blur.uasset" 670
"../../../Engine/Plugins/Interchange/Assets/Content/gltf/MaterialFunctions/MF_Temporal_Blur.uexp" 671
"../../../Engine/Plugins/Interchange/Assets/Content/gltf/MaterialFunctions/MF_Specular.uasset" 672
"../../../Engine/Plugins/Interchange/Assets/Content/gltf/MaterialFunctions/MF_Specular.uexp" 673
"../../../Engine/Plugins/Interchange/Assets/Content/gltf/Textures/T_Anisotropy_Direction_Linear.uasset" 674
"../../../Engine/Plugins/Interchange/Assets/Content/gltf/Textures/T_Anisotropy_Direction_Linear.uexp" 675
"../../../Engine/Plugins/Interchange/Assets/Content/gltf/MaterialFunctions/MF_SpecularAnisotropy.uasset" 676
"../../../Engine/Plugins/Interchange/Assets/Content/gltf/MaterialFunctions/MF_SpecularAnisotropy.uexp" 677
"../../../Engine/Plugins/Interchange/Assets/Content/gltf/Textures/T_White_Linear.uasset" 678
"../../../Engine/Plugins/Interchange/Assets/Content/gltf/Textures/T_White_Linear.uexp" 679
"../../../Engine/Plugins/Interchange/Assets/Content/gltf/MaterialFunctions/MF_MetallicRoughness.uasset" 680
"../../../Engine/Plugins/Interchange/Assets/Content/gltf/MaterialFunctions/MF_MetallicRoughness.uexp" 681
"../../../Engine/Plugins/Interchange/Assets/Content/gltf/Textures/T_Generic_N.uasset" 682
"../../../Engine/Plugins/Interchange/Assets/Content/gltf/Textures/T_Generic_N.uexp" 683
"../../../Engine/Plugins/Interchange/Assets/Content/gltf/MaterialFunctions/MF_ScaleNormal.uasset" 684
"../../../Engine/Plugins/Interchange/Assets/Content/gltf/MaterialFunctions/MF_ScaleNormal.uexp" 685
"../../../Engine/Plugins/Interchange/Assets/Content/gltf/MaterialFunctions/MF_Fresnel_DS.uasset" 686
"../../../Engine/Plugins/Interchange/Assets/Content/gltf/MaterialFunctions/MF_Fresnel_DS.uexp" 687
"../../../Engine/Plugins/Interchange/Assets/Content/gltf/MaterialFunctions/MF_Iridescence.uasset" 688
"../../../Engine/Plugins/Interchange/Assets/Content/gltf/MaterialFunctions/MF_Iridescence.uexp" 689
"../../../Engine/Plugins/Interchange/Assets/Content/gltf/MaterialFunctions/MF_Occlusion.uasset" 690
"../../../Engine/Plugins/Interchange/Assets/Content/gltf/MaterialFunctions/MF_Occlusion.uexp" 691
"../../../Engine/Plugins/Interchange/Assets/Content/gltf/MaterialFunctions/MF_IOR.uasset" 692
"../../../Engine/Plugins/Interchange/Assets/Content/gltf/MaterialFunctions/MF_IOR.uexp" 693
"../../../Engine/Plugins/Interchange/Assets/Content/gltf/MaterialFunctions/MF_Transmission.uasset" 694
"../../../Engine/Plugins/Interchange/Assets/Content/gltf/MaterialFunctions/MF_Transmission.uexp" 695
"../../../Engine/Plugins/Interchange/Assets/Content/gltf/MaterialFunctions/MF_RotateNormals_TS.uasset" 696
"../../../Engine/Plugins/Interchange/Assets/Content/gltf/MaterialFunctions/MF_RotateNormals_TS.uexp" 697
"../../../Engine/Plugins/Interchange/Assets/Content/gltf/MaterialFunctions/MF_Normals.uasset" 698
"../../../Engine/Plugins/Interchange/Assets/Content/gltf/MaterialFunctions/MF_Normals.uexp" 699
"../../../Engine/Plugins/Interchange/Assets/Content/gltf/MaterialBodies/MF_Transmission_Body.uasset" 700
"../../../Engine/Plugins/Interchange/Assets/Content/gltf/MaterialBodies/MF_Transmission_Body.uexp" 701
"../../../Engine/Plugins/Interchange/Assets/Content/gltf/M_Transmission.uasset" 702
"../../../Engine/Plugins/Interchange/Assets/Content/gltf/M_Transmission.uexp" 703
"../../../Engine/Plugins/Interchange/Assets/Content/gltf/MaterialInstances/MI_Transmission_DS.uasset" 704
"../../../Engine/Plugins/Interchange/Assets/Content/gltf/MaterialInstances/MI_Transmission_DS.uexp" 705
"../../../Engine/Plugins/Interchange/Assets/Content/gltf/MaterialInstances/MI_Transmission.uasset" 706
"../../../Engine/Plugins/Interchange/Assets/Content/gltf/MaterialInstances/MI_Transmission.uexp" 707
"../../../Engine/Content/Functions/Engine_MaterialFunctions02/Math/AddComponents.uasset" 708
"../../../Engine/Content/Functions/Engine_MaterialFunctions02/Math/AddComponents.uexp" 709
"../../../Engine/Plugins/Interchange/Assets/Content/gltf/MaterialFunctions/MF_DiffuseSpecGloss.uasset" 710
"../../../Engine/Plugins/Interchange/Assets/Content/gltf/MaterialFunctions/MF_DiffuseSpecGloss.uexp" 711
"../../../Engine/Plugins/Interchange/Assets/Content/gltf/MaterialFunctions/MF_Emissive.uasset" 712
"../../../Engine/Plugins/Interchange/Assets/Content/gltf/MaterialFunctions/MF_Emissive.uexp" 713
"../../../Engine/Plugins/Interchange/Assets/Content/gltf/MaterialFunctions/MF_PerceivedBrightness.uasset" 714
"../../../Engine/Plugins/Interchange/Assets/Content/gltf/MaterialFunctions/MF_PerceivedBrightness.uexp" 715
"../../../Engine/Plugins/Interchange/Assets/Content/gltf/MaterialFunctions/MF_SpecGlossToMetalRoughness.uasset" 716
"../../../Engine/Plugins/Interchange/Assets/Content/gltf/MaterialFunctions/MF_SpecGlossToMetalRoughness.uexp" 717
"../../../Engine/Plugins/Interchange/Assets/Content/gltf/MaterialFunctions/MF_MaxComponentValue.uasset" 718
"../../../Engine/Plugins/Interchange/Assets/Content/gltf/MaterialFunctions/MF_MaxComponentValue.uexp" 719
"../../../Engine/Plugins/Interchange/Assets/Content/gltf/MaterialBodies/MF_SpecularGlossiness_Body.uasset" 720
"../../../Engine/Plugins/Interchange/Assets/Content/gltf/MaterialBodies/MF_SpecularGlossiness_Body.uexp" 721
"../../../Engine/Plugins/Interchange/Assets/Content/gltf/M_SpecularGlossiness.uasset" 722
"../../../Engine/Plugins/Interchange/Assets/Content/gltf/M_SpecularGlossiness.uexp" 723
"../../../Engine/Plugins/Interchange/Assets/Content/gltf/MaterialInstances/MI_SpecularGlossiness_Opaque_DS.uasset" 724
"../../../Engine/Plugins/Interchange/Assets/Content/gltf/MaterialInstances/MI_SpecularGlossiness_Opaque_DS.uexp" 725
"../../../Engine/Plugins/Interchange/Assets/Content/gltf/MaterialInstances/MI_SpecularGlossiness_Opaque.uasset" 726
"../../../Engine/Plugins/Interchange/Assets/Content/gltf/MaterialInstances/MI_SpecularGlossiness_Opaque.uexp" 727
"../../../Engine/Plugins/Interchange/Assets/Content/gltf/MaterialInstances/MI_SpecularGlossiness_Mask_DS.uasset" 728
"../../../Engine/Plugins/Interchange/Assets/Content/gltf/MaterialInstances/MI_SpecularGlossiness_Mask_DS.uexp" 729
"../../../Engine/Plugins/Interchange/Assets/Content/gltf/MaterialInstances/MI_SpecularGlossiness_Mask.uasset" 730
"../../../Engine/Plugins/Interchange/Assets/Content/gltf/MaterialInstances/MI_SpecularGlossiness_Mask.uexp" 731
"../../../Engine/Plugins/Interchange/Assets/Content/gltf/MaterialInstances/MI_SpecularGlossiness_Blend_DS.uasset" 732
"../../../Engine/Plugins/Interchange/Assets/Content/gltf/MaterialInstances/MI_SpecularGlossiness_Blend_DS.uexp" 733
"../../../Engine/Plugins/Interchange/Assets/Content/gltf/MaterialInstances/MI_SpecularGlossiness_Blend.uasset" 734
"../../../Engine/Plugins/Interchange/Assets/Content/gltf/MaterialInstances/MI_SpecularGlossiness_Blend.uexp" 735
"../../../Engine/Plugins/Interchange/Assets/Content/gltf/MaterialFunctions/MF_Sheen.uasset" 736
"../../../Engine/Plugins/Interchange/Assets/Content/gltf/MaterialFunctions/MF_Sheen.uexp" 737
"../../../Engine/Plugins/Interchange/Assets/Content/gltf/MaterialBodies/MF_Sheen_Body.uasset" 738
"../../../Engine/Plugins/Interchange/Assets/Content/gltf/MaterialBodies/MF_Sheen_Body.uexp" 739
"../../../Engine/Plugins/Interchange/Assets/Content/gltf/M_Sheen.uasset" 740
"../../../Engine/Plugins/Interchange/Assets/Content/gltf/M_Sheen.uexp" 741
"../../../Engine/Plugins/Interchange/Assets/Content/gltf/MaterialInstances/MI_Sheen_Opaque_DS.uasset" 742
"../../../Engine/Plugins/Interchange/Assets/Content/gltf/MaterialInstances/MI_Sheen_Opaque_DS.uexp" 743
"../../../Engine/Plugins/Interchange/Assets/Content/gltf/MaterialInstances/MI_Sheen_Opaque.uasset" 744
"../../../Engine/Plugins/Interchange/Assets/Content/gltf/MaterialInstances/MI_Sheen_Opaque.uexp" 745
"../../../Engine/Plugins/Interchange/Assets/Content/gltf/MaterialInstances/MI_Sheen_Mask_DS.uasset" 746
"../../../Engine/Plugins/Interchange/Assets/Content/gltf/MaterialInstances/MI_Sheen_Mask_DS.uexp" 747
"../../../Engine/Plugins/Interchange/Assets/Content/gltf/MaterialInstances/MI_Sheen_Mask.uasset" 748
"../../../Engine/Plugins/Interchange/Assets/Content/gltf/MaterialInstances/MI_Sheen_Mask.uexp" 749
"../../../Engine/Plugins/Interchange/Assets/Content/gltf/MaterialInstances/MI_Sheen_Blend_DS.uasset" 750
"../../../Engine/Plugins/Interchange/Assets/Content/gltf/MaterialInstances/MI_Sheen_Blend_DS.uexp" 751
"../../../Engine/Plugins/Interchange/Assets/Content/gltf/MaterialInstances/MI_Sheen_Blend.uasset" 752
"../../../Engine/Plugins/Interchange/Assets/Content/gltf/MaterialInstances/MI_Sheen_Blend.uexp" 753
"../../../Engine/Plugins/Interchange/Assets/Content/gltf/MaterialBodies/MF_Default_Body.uasset" 754
"../../../Engine/Plugins/Interchange/Assets/Content/gltf/MaterialBodies/MF_Default_Body.uexp" 755
"../../../Engine/Plugins/Interchange/Assets/Content/gltf/M_Default.uasset" 756
"../../../Engine/Plugins/Interchange/Assets/Content/gltf/M_Default.uexp" 757
"../../../Engine/Plugins/Interchange/Assets/Content/gltf/MaterialInstances/MI_Default_Opaque_DS.uasset" 758
"../../../Engine/Plugins/Interchange/Assets/Content/gltf/MaterialInstances/MI_Default_Opaque_DS.uexp" 759
"../../../Engine/Plugins/Interchange/Assets/Content/gltf/MaterialInstances/MI_Default_Opaque.uasset" 760
"../../../Engine/Plugins/Interchange/Assets/Content/gltf/MaterialInstances/MI_Default_Opaque.uexp" 761
"../../../Engine/Plugins/Interchange/Assets/Content/gltf/MaterialInstances/MI_Default_Mask_DS.uasset" 762
"../../../Engine/Plugins/Interchange/Assets/Content/gltf/MaterialInstances/MI_Default_Mask_DS.uexp" 763
"../../../Engine/Plugins/Interchange/Assets/Content/gltf/MaterialInstances/MI_Default_Mask.uasset" 764
"../../../Engine/Plugins/Interchange/Assets/Content/gltf/MaterialInstances/MI_Default_Mask.uexp" 765
"../../../Engine/Plugins/Interchange/Assets/Content/gltf/MaterialInstances/MI_Default_Blend_DS.uasset" 766
"../../../Engine/Plugins/Interchange/Assets/Content/gltf/MaterialInstances/MI_Default_Blend_DS.uexp" 767
"../../../Engine/Plugins/Interchange/Assets/Content/gltf/MaterialInstances/MI_Default_Blend.uasset" 768
"../../../Engine/Plugins/Interchange/Assets/Content/gltf/MaterialInstances/MI_Default_Blend.uexp" 769
"../../../Engine/Content/Functions/Engine_MaterialFunctions01/Texturing/FlattenNormal.uasset" 770
"../../../Engine/Content/Functions/Engine_MaterialFunctions01/Texturing/FlattenNormal.uexp" 771
"../../../Engine/Plugins/Interchange/Assets/Content/gltf/MaterialFunctions/MF_Clearcoat.uasset" 772
"../../../Engine/Plugins/Interchange/Assets/Content/gltf/MaterialFunctions/MF_Clearcoat.uexp" 773
"../../../Engine/Plugins/Interchange/Assets/Content/gltf/MaterialBodies/MF_ClearCoat_Body.uasset" 774
"../../../Engine/Plugins/Interchange/Assets/Content/gltf/MaterialBodies/MF_ClearCoat_Body.uexp" 775
"../../../Engine/Plugins/Interchange/Assets/Content/gltf/M_ClearCoat.uasset" 776
"../../../Engine/Plugins/Interchange/Assets/Content/gltf/M_ClearCoat.uexp" 777
"../../../Engine/Plugins/Interchange/Assets/Content/gltf/MaterialInstances/MI_ClearCoat_Opaque_DS.uasset" 778
"../../../Engine/Plugins/Interchange/Assets/Content/gltf/MaterialInstances/MI_ClearCoat_Opaque_DS.uexp" 779
"../../../Engine/Plugins/Interchange/Assets/Content/gltf/MaterialInstances/MI_ClearCoat_Opaque.uasset" 780
"../../../Engine/Plugins/Interchange/Assets/Content/gltf/MaterialInstances/MI_ClearCoat_Opaque.uexp" 781
"../../../Engine/Plugins/Interchange/Assets/Content/gltf/MaterialInstances/MI_ClearCoat_Mask_DS.uasset" 782
"../../../Engine/Plugins/Interchange/Assets/Content/gltf/MaterialInstances/MI_ClearCoat_Mask_DS.uexp" 783
"../../../Engine/Plugins/Interchange/Assets/Content/gltf/MaterialInstances/MI_ClearCoat_Mask.uasset" 784
"../../../Engine/Plugins/Interchange/Assets/Content/gltf/MaterialInstances/MI_ClearCoat_Mask.uexp" 785
"../../../Engine/Plugins/Interchange/Assets/Content/gltf/MaterialInstances/MI_ClearCoat_Blend_DS.uasset" 786
"../../../Engine/Plugins/Interchange/Assets/Content/gltf/MaterialInstances/MI_ClearCoat_Blend_DS.uexp" 787
"../../../Engine/Plugins/Interchange/Assets/Content/gltf/MaterialInstances/MI_ClearCoat_Blend.uasset" 788
"../../../Engine/Plugins/Interchange/Assets/Content/gltf/MaterialInstances/MI_ClearCoat_Blend.uexp" 789
"../../../Engine/Content/VREditor/TransformGizmo/Main.uasset" 790
"../../../Engine/Content/VREditor/TransformGizmo/Main.uexp" 791
"../../../Engine/Content/VREditor/TransformGizmo/Xray.uasset" 792
"../../../Engine/Content/VREditor/TransformGizmo/Xray.uexp" 793
"../../../Engine/Content/VREditor/TransformGizmo/SM_Sequencer_Node.ubulk" 794
"../../../Engine/Content/VREditor/TransformGizmo/SM_Sequencer_Node.uasset" 795
"../../../Engine/Content/VREditor/TransformGizmo/SM_Sequencer_Node.uexp" 796
"../../../Engine/Content/VREditor/LaserPointer/VR_LaserPower_01.ubulk" 797
"../../../Engine/Content/VREditor/LaserPointer/VR_LaserPower_01.uasset" 798
"../../../Engine/Content/VREditor/LaserPointer/VR_LaserPower_01.uexp" 799
"../../../Engine/Content/VREditor/TransformGizmo/TransformGizmoMaterial.uasset" 800
"../../../Engine/Content/VREditor/TransformGizmo/TransformGizmoMaterial.uexp" 801
"../../../Engine/Content/VREditor/TransformGizmo/TranslucentTransformGizmoMaterial.uasset" 802
"../../../Engine/Content/VREditor/TransformGizmo/TranslucentTransformGizmoMaterial.uexp" 803
"../../../Engine/Content/VREditor/TransformGizmo/BoundingBoxEdge.ubulk" 804
"../../../Engine/Content/VREditor/TransformGizmo/BoundingBoxEdge.uasset" 805
"../../../Engine/Content/VREditor/TransformGizmo/BoundingBoxEdge.uexp" 806
"../../../Engine/Content/VREditor/TransformGizmo/BoundingBoxCorner.ubulk" 807
"../../../Engine/Content/VREditor/TransformGizmo/BoundingBoxCorner.uasset" 808
"../../../Engine/Content/VREditor/TransformGizmo/BoundingBoxCorner.uexp" 809
"../../../Engine/Content/EngineSky/VolumetricClouds/T_CloudMask.ubulk" 810
"../../../Engine/Content/EngineSky/VolumetricClouds/T_CloudMask.uasset" 811
"../../../Engine/Content/EngineSky/VolumetricClouds/T_CloudMask.uexp" 812
"../../../Engine/Content/EngineSky/VolumetricClouds/VT_Lightning.uasset" 813
"../../../Engine/Content/EngineSky/VolumetricClouds/VT_Lightning.uexp" 814
"../../../Engine/Content/EngineSky/VolumetricClouds/T_Profile_08.ubulk" 815
"../../../Engine/Content/EngineSky/VolumetricClouds/T_Profile_08.uasset" 816
"../../../Engine/Content/EngineSky/VolumetricClouds/T_Profile_08.uexp" 817
"../../../Engine/Content/Functions/Engine_MaterialFunctions02/Utility/MakeFloat4.uasset" 818
"../../../Engine/Content/Functions/Engine_MaterialFunctions02/Utility/MakeFloat4.uexp" 819
"../../../Engine/Content/Functions/Engine_MaterialFunctions01/Units/Km-to-Cm.uasset" 820
"../../../Engine/Content/Functions/Engine_MaterialFunctions01/Units/Km-to-Cm.uexp" 821
"../../../Engine/Content/Functions/Engine_MaterialFunctions02/Utility/BreakOutFloat4Components.uasset" 822
"../../../Engine/Content/Functions/Engine_MaterialFunctions02/Utility/BreakOutFloat4Components.uexp" 823
"../../../Engine/Content/EngineSky/VolumetricClouds/T_CloudPattern.ubulk" 824
"../../../Engine/Content/EngineSky/VolumetricClouds/T_CloudPattern.uasset" 825
"../../../Engine/Content/EngineSky/VolumetricClouds/T_CloudPattern.uexp" 826
"../../../Engine/Content/EngineSky/VolumetricClouds/VT_PerlinWorley_Balanced.uasset" 827
"../../../Engine/Content/EngineSky/VolumetricClouds/VT_PerlinWorley_Balanced.uexp" 828
"../../../Engine/Content/EngineSky/VolumetricClouds/m_SimpleVolumetricCloud.uasset" 829
"../../../Engine/Content/EngineSky/VolumetricClouds/m_SimpleVolumetricCloud.uexp" 830
"../../../Engine/Content/EngineSky/VolumetricClouds/m_SimpleVolumetricCloud_Inst.uasset" 831
"../../../Engine/Content/EngineSky/VolumetricClouds/m_SimpleVolumetricCloud_Inst.uexp" 832
"../../../Engine/Content/EditorMaterials/Camera/CineMat.uasset" 833
"../../../Engine/Content/EditorMaterials/Camera/CineMat.uexp" 834
"../../../Engine/Content/EditorMaterials/Camera/MI_CineMat_Rig.uasset" 835
"../../../Engine/Content/EditorMaterials/Camera/MI_CineMat_Rig.uexp" 836
"../../../Engine/Content/EditorMeshes/Camera/SM_RailRig_Track.ubulk" 837
"../../../Engine/Content/EditorMeshes/Camera/SM_RailRig_Track.uasset" 838
"../../../Engine/Content/EditorMeshes/Camera/SM_RailRig_Track.uexp" 839
"../../../Engine/Content/EditorMeshes/Camera/SM_RailRig_Mount.ubulk" 840
"../../../Engine/Content/EditorMeshes/Camera/SM_RailRig_Mount.uasset" 841
"../../../Engine/Content/EditorMeshes/Camera/SM_RailRig_Mount.uexp" 842
"../../../Engine/Content/EditorMeshes/Camera/SM_CraneRig_Mount.ubulk" 843
"../../../Engine/Content/EditorMeshes/Camera/SM_CraneRig_Mount.uasset" 844
"../../../Engine/Content/EditorMeshes/Camera/SM_CraneRig_Mount.uexp" 845
"../../../Engine/Content/EditorMeshes/Camera/SM_CraneRig_Body.ubulk" 846
"../../../Engine/Content/EditorMeshes/Camera/SM_CraneRig_Body.uasset" 847
"../../../Engine/Content/EditorMeshes/Camera/SM_CraneRig_Body.uexp" 848
"../../../Engine/Content/EditorMeshes/Camera/SM_CraneRig_Base.ubulk" 849
"../../../Engine/Content/EditorMeshes/Camera/SM_CraneRig_Base.uasset" 850
"../../../Engine/Content/EditorMeshes/Camera/SM_CraneRig_Base.uexp" 851
"../../../Engine/Content/EditorMeshes/Camera/SM_CraneRig_Arm.ubulk" 852
"../../../Engine/Content/EditorMeshes/Camera/SM_CraneRig_Arm.uasset" 853
"../../../Engine/Content/EditorMeshes/Camera/SM_CraneRig_Arm.uexp" 854
"../../../Engine/Content/EditorMaterials/Dataflow/DataflowVertexMaterial.uasset" 855
"../../../Engine/Content/EditorMaterials/Dataflow/DataflowVertexMaterial.uexp" 856
"../../../Engine/Content/EditorMaterials/Dataflow/DataflowTwoSidedVertexMaterial.uasset" 857
"../../../Engine/Content/EditorMaterials/Dataflow/DataflowTwoSidedVertexMaterial.uexp" 858
"../../../Engine/Content/EngineMaterials/Substrate/Volume/SubstrateSimpleVolumeLUT3D.uasset" 859
"../../../Engine/Content/EngineMaterials/Substrate/Volume/SubstrateSimpleVolumeLUT3D.uexp" 860
"../../../Engine/Content/EngineMaterials/Substrate/Volume/SubstrateSimpleVolumeEnvLUT3D.uasset" 861
"../../../Engine/Content/EngineMaterials/Substrate/Volume/SubstrateSimpleVolumeEnvLUT3D.uexp" 862
"../../../Engine/Content/EngineMaterials/Substrate/GLints2/AGlintTex2dArray2.uasset" 863
"../../../Engine/Content/EngineMaterials/Substrate/GLints2/AGlintTex2dArray2.uexp" 864
"../../../Engine/Content/EngineMaterials/Substrate/GLints/AGlintTex2dArray.uasset" 865
"../../../Engine/Content/EngineMaterials/Substrate/GLints/AGlintTex2dArray.uexp" 866
"../../../Engine/Content/ArtTools/RenderToTexture/Meshes/S_1_Unit_Plane.ubulk" 867
"../../../Engine/Content/ArtTools/RenderToTexture/Meshes/S_1_Unit_Plane.uasset" 868
"../../../Engine/Content/ArtTools/RenderToTexture/Meshes/S_1_Unit_Plane.uexp" 869
"../../../Engine/Content/Functions/Engine_MaterialFunctions01/Shading/PowerToRoughness.uasset" 870
"../../../Engine/Content/Functions/Engine_MaterialFunctions01/Shading/PowerToRoughness.uexp" 871
"../../../Engine/Content/Functions/Engine_MaterialFunctions01/Shading/ConvertFromDiffSpec.uasset" 872
"../../../Engine/Content/Functions/Engine_MaterialFunctions01/Shading/ConvertFromDiffSpec.uexp" 873
"../../../Engine/Plugins/NNE/NNEDenoiser/Content/NNE_oidn2-3-0_rt_hdr_calb_cnrm_large__dyn__fp16_opset11_ForwardAlpha.uasset" 874
"../../../Engine/Plugins/NNE/NNEDenoiser/Content/NNE_oidn2-3-0_rt_hdr_calb_cnrm_large__dyn__fp16_opset11_ForwardAlpha.uexp" 875
"../../../Engine/Plugins/NNE/NNEDenoiser/Content/NNE_oidn2-3-0_rt_hdr_calb_cnrm_large__dyn__fp16_opset11_DenoiseAlpha.uasset" 876
"../../../Engine/Plugins/NNE/NNEDenoiser/Content/NNE_oidn2-3-0_rt_hdr_calb_cnrm_large__dyn__fp16_opset11_DenoiseAlpha.uexp" 877
"../../../Engine/Plugins/NNE/NNEDenoiser/Content/NNE_oidn2-3-0_rt_hdr_alb_nrm__dyn__fp16_opset11_ForwardAlpha.uasset" 878
"../../../Engine/Plugins/NNE/NNEDenoiser/Content/NNE_oidn2-3-0_rt_hdr_alb_nrm__dyn__fp16_opset11_ForwardAlpha.uexp" 879
"../../../Engine/Plugins/NNE/NNEDenoiser/Content/NNE_oidn2-3-0_rt_hdr_alb_nrm__dyn__fp16_opset11_DenoiseAlpha.uasset" 880
"../../../Engine/Plugins/NNE/NNEDenoiser/Content/NNE_oidn2-3-0_rt_hdr_alb_nrm__dyn__fp16_opset11_DenoiseAlpha.uexp" 881
"../../../Engine/Plugins/NNE/NNEDenoiser/Content/NNE_oidn2-3-0_rt_hdr_alb_nrm_small__dyn__fp16_opset11_ForwardAlpha.uasset" 882
"../../../Engine/Plugins/NNE/NNEDenoiser/Content/NNE_oidn2-3-0_rt_hdr_alb_nrm_small__dyn__fp16_opset11_ForwardAlpha.uexp" 883
"../../../Engine/Plugins/NNE/NNEDenoiser/Content/NNE_oidn2-3-0_rt_hdr_alb_nrm_small__dyn__fp16_opset11_DenoiseAlpha.uasset" 884
"../../../Engine/Plugins/NNE/NNEDenoiser/Content/NNE_oidn2-3-0_rt_hdr_alb_nrm_small__dyn__fp16_opset11_DenoiseAlpha.uexp" 885
"../../../Engine/Plugins/NNE/NNEDenoiser/Content/NNED_Oidn2-3_HighQuality_Alpha.uasset" 886
"../../../Engine/Plugins/NNE/NNEDenoiser/Content/NNED_Oidn2-3_HighQuality_Alpha.uexp" 887
"../../../Engine/Plugins/NNE/NNEDenoiser/Content/NNED_Oidn2-3_HighQuality.uasset" 888
"../../../Engine/Plugins/NNE/NNEDenoiser/Content/NNED_Oidn2-3_HighQuality.uexp" 889
"../../../Engine/Plugins/NNE/NNEDenoiser/Content/NNED_Oidn2-3_Fast_Alpha.uasset" 890
"../../../Engine/Plugins/NNE/NNEDenoiser/Content/NNED_Oidn2-3_Fast_Alpha.uexp" 891
"../../../Engine/Plugins/NNE/NNEDenoiser/Content/NNED_Oidn2-3_Fast.uasset" 892
"../../../Engine/Plugins/NNE/NNEDenoiser/Content/NNED_Oidn2-3_Fast.uexp" 893
"../../../Engine/Plugins/NNE/NNEDenoiser/Content/NNED_Oidn2-3_Balanced_Alpha.uasset" 894
"../../../Engine/Plugins/NNE/NNEDenoiser/Content/NNED_Oidn2-3_Balanced_Alpha.uexp" 895
"../../../Engine/Plugins/NNE/NNEDenoiser/Content/NNED_Oidn2-3_Balanced.uasset" 896
"../../../Engine/Plugins/NNE/NNEDenoiser/Content/NNED_Oidn2-3_Balanced.uexp" 897
"../../../Engine/Plugins/NNE/NNEDenoiser/Content/NNEDT_Oidn2-3_Balanced_Alpha.uasset" 898
"../../../Engine/Plugins/NNE/NNEDenoiser/Content/NNEDT_Oidn2-3_Balanced_Alpha.uexp" 899
"../../../Engine/Plugins/NNE/NNEDenoiser/Content/NNEDT_Oidn2-3_Balanced.uasset" 900
"../../../Engine/Plugins/NNE/NNEDenoiser/Content/NNEDT_Oidn2-3_Balanced.uexp" 901
"../../../Engine/Plugins/Animation/DeformerGraph/Content/Deformers/DG_LinearBlendSkin_Morph_Cloth_RecomputeNormals.uasset" 902
"../../../Engine/Plugins/Animation/DeformerGraph/Content/Deformers/DG_LinearBlendSkin_Morph_Cloth_RecomputeNormals.uexp" 903
"../../../Engine/Plugins/Animation/DeformerGraph/Content/Deformers/DG_LinearBlendSkin_Morph_Cloth.uasset" 904
"../../../Engine/Plugins/Animation/DeformerGraph/Content/Deformers/DG_LinearBlendSkin_Morph_Cloth.uexp" 905
"../../../Engine/Plugins/Animation/DeformerGraph/Content/DeformerFunctions/DG_Function_LinearBlendSkin_Morph_Cloth_PositionOnly.uasset" 906
"../../../Engine/Plugins/Animation/DeformerGraph/Content/DeformerFunctions/DG_Function_LinearBlendSkin_Morph_Cloth_PositionOnly.uexp" 907
"../../../Engine/Plugins/Animation/DeformerGraph/Content/DeformerFunctions/DG_Function_LinearBlendSkin_Morph_Cloth.uasset" 908
"../../../Engine/Plugins/Animation/DeformerGraph/Content/DeformerFunctions/DG_Function_LinearBlendSkin_Morph_Cloth.uexp" 909
"../../../Engine/Plugins/Animation/DeformerGraph/Content/DeformerFunctions/DG_Function_ComputeNormalsTangents.uasset" 910
"../../../Engine/Plugins/Animation/DeformerGraph/Content/DeformerFunctions/DG_Function_ComputeNormalsTangents.uexp" 911
"../../../Engine/Content/VREditor/TransformGizmo/StartRotationHandleIndicator.ubulk" 912
"../../../Engine/Content/VREditor/TransformGizmo/StartRotationHandleIndicator.uasset" 913
"../../../Engine/Content/VREditor/TransformGizmo/StartRotationHandleIndicator.uexp" 914
"../../../Engine/Content/VREditor/Sounds/UI/Drop_Item_From_ContentBrowser.ubulk" 915
"../../../Engine/Content/VREditor/Sounds/UI/Drop_Item_From_ContentBrowser.uasset" 916
"../../../Engine/Content/VREditor/Sounds/UI/Drop_Item_From_ContentBrowser.uexp" 917
"../../../Engine/Content/VREditor/TransformGizmo/PlaneTranslationHandle.ubulk" 918
"../../../Engine/Content/VREditor/TransformGizmo/PlaneTranslationHandle.uasset" 919
"../../../Engine/Content/VREditor/TransformGizmo/PlaneTranslationHandle.uexp" 920
"../../../Engine/Content/VREditor/Sounds/UI/Object_Snaps_To_Grid.ubulk" 921
"../../../Engine/Content/VREditor/Sounds/UI/Object_Snaps_To_Grid.uasset" 922
"../../../Engine/Content/VREditor/Sounds/UI/Object_Snaps_To_Grid.uexp" 923
"../../../Engine/Content/VREditor/Sounds/UI/Selection_Changes.ubulk" 924
"../../../Engine/Content/VREditor/Sounds/UI/Selection_Changes.uasset" 925
"../../../Engine/Content/VREditor/Sounds/UI/Selection_Changes.uexp" 926
"../../../Engine/Content/VREditor/Sounds/UI/Object_Snaps_To_Another_Actor.ubulk" 927
"../../../Engine/Content/VREditor/Sounds/UI/Object_Snaps_To_Another_Actor.uasset" 928
"../../../Engine/Content/VREditor/Sounds/UI/Object_Snaps_To_Another_Actor.uexp" 929
"../../../Engine/Content/VREditor/TransformGizmo/TranslucentTransformGizmoMaterial_Inst.uasset" 930
"../../../Engine/Content/VREditor/TransformGizmo/TranslucentTransformGizmoMaterial_Inst.uexp" 931
"../../../Engine/Content/VREditor/TransformGizmo/TransformGizmoFreeRotation.ubulk" 932
"../../../Engine/Content/VREditor/TransformGizmo/TransformGizmoFreeRotation.uasset" 933
"../../../Engine/Content/VREditor/TransformGizmo/TransformGizmoFreeRotation.uexp" 934
"../../../Engine/Content/VREditor/Sounds/UI/Scaling_Down.ubulk" 935
"../../../Engine/Content/VREditor/Sounds/UI/Scaling_Down.uasset" 936
"../../../Engine/Content/VREditor/Sounds/UI/Scaling_Down.uexp" 937
"../../../Engine/Content/Functions/Engine_MaterialFunctions02/SplitComponents.uasset" 938
"../../../Engine/Content/Functions/Engine_MaterialFunctions02/SplitComponents.uexp" 939
"../../../Engine/Content/VREditor/SnapGrid/SnapGridMaterial.uasset" 940
"../../../Engine/Content/VREditor/SnapGrid/SnapGridMaterial.uexp" 941
"../../../Engine/Content/VREditor/SnapGrid/SnapGridPlaneMesh.ubulk" 942
"../../../Engine/Content/VREditor/SnapGrid/SnapGridPlaneMesh.uasset" 943
"../../../Engine/Content/VREditor/SnapGrid/SnapGridPlaneMesh.uexp" 944
"../../../Engine/Content/VREditor/Sounds/UI/Scaling_Up.ubulk" 945
"../../../Engine/Content/VREditor/Sounds/UI/Scaling_Up.uasset" 946
"../../../Engine/Content/VREditor/Sounds/UI/Scaling_Up.uexp" 947
"../../../Engine/Content/VREditor/TransformGizmo/TransformGizmoMaterial_Inst.uasset" 948
"../../../Engine/Content/VREditor/TransformGizmo/TransformGizmoMaterial_Inst.uexp" 949
"../../../Engine/Content/VREditor/Sounds/UI/Gizmo_Handle_Clicked.ubulk" 950
"../../../Engine/Content/VREditor/Sounds/UI/Gizmo_Handle_Clicked.uasset" 951
"../../../Engine/Content/VREditor/Sounds/UI/Gizmo_Handle_Clicked.uexp" 952
"../../../Engine/Content/VREditor/TransformGizmo/RotationHandleQuarter.ubulk" 953
"../../../Engine/Content/VREditor/TransformGizmo/RotationHandleQuarter.uasset" 954
"../../../Engine/Content/VREditor/TransformGizmo/RotationHandleQuarter.uexp" 955
"../../../Engine/Content/VREditor/TransformGizmo/TranslateArrowHandle.ubulk" 956
"../../../Engine/Content/VREditor/TransformGizmo/TranslateArrowHandle.uasset" 957
"../../../Engine/Content/VREditor/TransformGizmo/TranslateArrowHandle.uexp" 958
"../../../Engine/Content/VREditor/TransformGizmo/RotationHandleIndicator.ubulk" 959
"../../../Engine/Content/VREditor/TransformGizmo/RotationHandleIndicator.uasset" 960
"../../../Engine/Content/VREditor/TransformGizmo/RotationHandleIndicator.uexp" 961
"../../../Engine/Content/VREditor/TransformGizmo/UniformScaleHandle.ubulk" 962
"../../../Engine/Content/VREditor/TransformGizmo/UniformScaleHandle.uasset" 963
"../../../Engine/Content/VREditor/TransformGizmo/UniformScaleHandle.uexp" 964
"../../../Engine/Content/VREditor/TransformGizmo/RotationHandleFull.ubulk" 965
"../../../Engine/Content/VREditor/TransformGizmo/RotationHandleFull.uasset" 966
"../../../Engine/Content/VREditor/TransformGizmo/RotationHandleFull.uexp" 967
"../../../Engine/Content/VREditor/Sounds/UI/Object_PickUp.ubulk" 968
"../../../Engine/Content/VREditor/Sounds/UI/Object_PickUp.uasset" 969
"../../../Engine/Content/VREditor/Sounds/UI/Object_PickUp.uexp" 970
"../../../Engine/Content/EngineResources/LandscapeVisibilityLayerInfo.uasset" 971
"../../../Engine/Content/EngineResources/LandscapeVisibilityLayerInfo.uexp" 972
"../../../Engine/Content/BasicShapes/Cube.ubulk" 973
"../../../Engine/Content/BasicShapes/Cube.uasset" 974
"../../../Engine/Content/BasicShapes/Cube.uexp" 975
"C:/Users/wamor/OneDrive/Documents/Unreal Projects/FeatProMoraWilliam/Content/Blueprints/AC_HealthComponent.uasset" 976
"C:/Users/wamor/OneDrive/Documents/Unreal Projects/FeatProMoraWilliam/Content/Blueprints/AC_HealthComponent.uexp" 977
"../../../Engine/Content/EngineMaterials/BlendFunc_DefBlend.uasset" 978
"../../../Engine/Content/EngineMaterials/BlendFunc_DefBlend.uexp" 979
"../../../Engine/Content/OpenWorldTemplate/LandscapeMaterial/T_GridChecker_A.ubulk" 980
"../../../Engine/Content/OpenWorldTemplate/LandscapeMaterial/T_GridChecker_A.uasset" 981
"../../../Engine/Content/OpenWorldTemplate/LandscapeMaterial/T_GridChecker_A.uexp" 982
"../../../Engine/Content/EngineMaterials/BlendFunc_DefBase.uasset" 983
"../../../Engine/Content/EngineMaterials/BlendFunc_DefBase.uexp" 984
"../../../Engine/Content/Functions/Engine_MaterialFunctions03/Blends/Blend_Overlay.uasset" 985
"../../../Engine/Content/Functions/Engine_MaterialFunctions03/Blends/Blend_Overlay.uexp" 986
"../../../Engine/Content/Functions/Engine_MaterialFunctions01/Gradient/LinearGradient.uasset" 987
"../../../Engine/Content/Functions/Engine_MaterialFunctions01/Gradient/LinearGradient.uexp" 988
"../../../Engine/Content/Functions/Engine_MaterialFunctions01/ImageAdjustment/CheapContrast.uasset" 989
"../../../Engine/Content/Functions/Engine_MaterialFunctions01/ImageAdjustment/CheapContrast.uexp" 990
"../../../Engine/Content/OpenWorldTemplate/LandscapeMaterial/MF_ProcGrid.uasset" 991
"../../../Engine/Content/OpenWorldTemplate/LandscapeMaterial/MF_ProcGrid.uexp" 992
"../../../Engine/Content/OpenWorldTemplate/LandscapeMaterial/M_ProcGrid.uasset" 993
"../../../Engine/Content/OpenWorldTemplate/LandscapeMaterial/M_ProcGrid.uexp" 994
"../../../Engine/Content/OpenWorldTemplate/LandscapeMaterial/MI_ProcGrid.uasset" 995
"../../../Engine/Content/OpenWorldTemplate/LandscapeMaterial/MI_ProcGrid.uexp" 996
"../../../Engine/Content/BasicShapes/Cylinder.ubulk" 997
"../../../Engine/Content/BasicShapes/Cylinder.uasset" 998
"../../../Engine/Content/BasicShapes/Cylinder.uexp" 999
"C:/Users/wamor/OneDrive/Documents/Unreal Projects/FeatProMoraWilliam/Content/Actions/IA_ChargeShot.uasset" 1000
"C:/Users/wamor/OneDrive/Documents/Unreal Projects/FeatProMoraWilliam/Content/Actions/IA_ChargeShot.uexp" 1001
"C:/Users/wamor/OneDrive/Documents/Unreal Projects/FeatProMoraWilliam/Content/Actions/IA_Shoot.uasset" 1002
"C:/Users/wamor/OneDrive/Documents/Unreal Projects/FeatProMoraWilliam/Content/Actions/IA_Shoot.uexp" 1003
"C:/Users/wamor/OneDrive/Documents/Unreal Projects/FeatProMoraWilliam/Content/Actions/IA_Move.uasset" 1004
"C:/Users/wamor/OneDrive/Documents/Unreal Projects/FeatProMoraWilliam/Content/Actions/IA_Move.uexp" 1005
"C:/Users/wamor/OneDrive/Documents/Unreal Projects/FeatProMoraWilliam/Content/Actions/IA_Jump.uasset" 1006
"C:/Users/wamor/OneDrive/Documents/Unreal Projects/FeatProMoraWilliam/Content/Actions/IA_Jump.uexp" 1007
"C:/Users/wamor/OneDrive/Documents/Unreal Projects/FeatProMoraWilliam/Content/IMC_PlayerMappingContext.uasset" 1008
"C:/Users/wamor/OneDrive/Documents/Unreal Projects/FeatProMoraWilliam/Content/IMC_PlayerMappingContext.uexp" 1009
"../../../Engine/Content/BasicShapes/Sphere.ubulk" 1010
"../../../Engine/Content/BasicShapes/Sphere.uasset" 1011
"../../../Engine/Content/BasicShapes/Sphere.uexp" 1012
"C:/Users/wamor/OneDrive/Documents/Unreal Projects/FeatProMoraWilliam/Content/Materials/M_BaseProjectile.uasset" 1013
"C:/Users/wamor/OneDrive/Documents/Unreal Projects/FeatProMoraWilliam/Content/Materials/M_BaseProjectile.uexp" 1014
"C:/Users/wamor/OneDrive/Documents/Unreal Projects/FeatProMoraWilliam/Content/Blueprints/BP_BaseProjectile.uasset" 1015
"C:/Users/wamor/OneDrive/Documents/Unreal Projects/FeatProMoraWilliam/Content/Blueprints/BP_BaseProjectile.uexp" 1016
"C:/Users/wamor/OneDrive/Documents/Unreal Projects/FeatProMoraWilliam/Content/Materials/M_ChargeLvl2.uasset" 1017
"C:/Users/wamor/OneDrive/Documents/Unreal Projects/FeatProMoraWilliam/Content/Materials/M_ChargeLvl2.uexp" 1018
"C:/Users/wamor/OneDrive/Documents/Unreal Projects/FeatProMoraWilliam/Content/Blueprints/BP_ChargeProjectileLvl2.uasset" 1019
"C:/Users/wamor/OneDrive/Documents/Unreal Projects/FeatProMoraWilliam/Content/Blueprints/BP_ChargeProjectileLvl2.uexp" 1020
"C:/Users/wamor/OneDrive/Documents/Unreal Projects/FeatProMoraWilliam/Content/Materials/M_MegaMan.uasset" 1021
"C:/Users/wamor/OneDrive/Documents/Unreal Projects/FeatProMoraWilliam/Content/Materials/M_MegaMan.uexp" 1022
"C:/Users/wamor/OneDrive/Documents/Unreal Projects/FeatProMoraWilliam/Content/Materials/M_ChargeLvl1.uasset" 1023
"C:/Users/wamor/OneDrive/Documents/Unreal Projects/FeatProMoraWilliam/Content/Materials/M_ChargeLvl1.uexp" 1024
"C:/Users/wamor/OneDrive/Documents/Unreal Projects/FeatProMoraWilliam/Content/Blueprints/BP_ChargeProjectileLvl1.uasset" 1025
"C:/Users/wamor/OneDrive/Documents/Unreal Projects/FeatProMoraWilliam/Content/Blueprints/BP_ChargeProjectileLvl1.uexp" 1026
"C:/Users/wamor/OneDrive/Documents/Unreal Projects/FeatProMoraWilliam/Content/Blueprints/BP_Player.uasset" 1027
"C:/Users/wamor/OneDrive/Documents/Unreal Projects/FeatProMoraWilliam/Content/Blueprints/BP_Player.uexp" 1028
"C:/Users/wamor/OneDrive/Documents/Unreal Projects/FeatProMoraWilliam/Content/BP_Camera_Follower.uasset" 1029
"C:/Users/wamor/OneDrive/Documents/Unreal Projects/FeatProMoraWilliam/Content/BP_Camera_Follower.uexp" 1030
"../../../Engine/Content/EngineSky/T_Sky_Stars.ubulk" 1031
"../../../Engine/Content/EngineSky/T_Sky_Stars.uasset" 1032
"../../../Engine/Content/EngineSky/T_Sky_Stars.uexp" 1033
"../../../Engine/Content/EngineSky/T_Sky_Clouds_M.ubulk" 1034
"../../../Engine/Content/EngineSky/T_Sky_Clouds_M.uasset" 1035
"../../../Engine/Content/EngineSky/T_Sky_Clouds_M.uexp" 1036
"../../../Engine/Content/EngineSky/T_Sky_Blue.ubulk" 1037
"../../../Engine/Content/EngineSky/T_Sky_Blue.uasset" 1038
"../../../Engine/Content/EngineSky/T_Sky_Blue.uexp" 1039
"../../../Engine/Content/EngineSky/M_Sky_Panning_Clouds2.uasset" 1040
"../../../Engine/Content/EngineSky/M_Sky_Panning_Clouds2.uexp" 1041
"../../../Engine/Content/EngineSky/SM_SkySphere.ubulk" 1042
"../../../Engine/Content/EngineSky/SM_SkySphere.uasset" 1043
"../../../Engine/Content/EngineSky/SM_SkySphere.uexp" 1044
"../../../Engine/Content/MapTemplates/SM_Template_Map_Floor.ubulk" 1045
"../../../Engine/Content/MapTemplates/SM_Template_Map_Floor.uasset" 1046
"../../../Engine/Content/MapTemplates/SM_Template_Map_Floor.uexp" 1047
"C:/Users/wamor/OneDrive/Documents/Unreal Projects/FeatProMoraWilliam/Content/Materials/M_Enemy.uasset" 1048
"C:/Users/wamor/OneDrive/Documents/Unreal Projects/FeatProMoraWilliam/Content/Materials/M_Enemy.uexp" 1049
"C:/Users/wamor/OneDrive/Documents/Unreal Projects/FeatProMoraWilliam/Content/Blueprints/BP_Enemy.uasset" 1050
"C:/Users/wamor/OneDrive/Documents/Unreal Projects/FeatProMoraWilliam/Content/Blueprints/BP_Enemy.uexp" 1051
"../../../Engine/Content/BasicShapes/BasicShapeMaterial.uasset" 1052
"../../../Engine/Content/BasicShapes/BasicShapeMaterial.uexp" 1053
"../../../Engine/Content/EngineSky/M_SimpleSkyDome.uasset" 1054
"../../../Engine/Content/EngineSky/M_SimpleSkyDome.uexp" 1055
"C:/Users/wamor/OneDrive/Documents/Unreal Projects/FeatProMoraWilliam/Content/Levels/Level1.uexp" 1056
"C:/Users/wamor/OneDrive/Documents/Unreal Projects/FeatProMoraWilliam/Content/Levels/Level1.umap" 1057
"../../../Engine/Content/Maps/Entry_BuiltData.uasset" 1058
"../../../Engine/Content/Maps/Entry_BuiltData.uexp" 1059
"../../../Engine/Content/Maps/Entry.uexp" 1060
"../../../Engine/Content/Maps/Entry.umap" 1061
